mode: set
avito_spring_staj_2025/internal/db/db.go:11.26,13.21 2 0
avito_spring_staj_2025/internal/db/db.go:13.21,15.3 1 0
avito_spring_staj_2025/internal/db/db.go:17.2,18.16 2 0
avito_spring_staj_2025/internal/db/db.go:18.16,20.3 1 0
avito_spring_staj_2025/internal/db/db.go:22.2,32.34 9 0
avito_spring_staj_2025/internal/db/db.go:32.34,34.3 1 0
avito_spring_staj_2025/internal/db/db.go:36.2,37.11 2 0
avito_spring_staj_2025/internal/db/db.go:40.23,42.16 2 0
avito_spring_staj_2025/internal/db/db.go:42.16,44.3 1 0
avito_spring_staj_2025/internal/db/db.go:45.2,50.117 5 0
avito_spring_staj_2025/internal/auth/handler/auth_handler.go:19.55,23.2 1 0
avito_spring_staj_2025/internal/auth/handler/auth_handler.go:25.74,31.62 5 0
avito_spring_staj_2025/internal/auth/handler/auth_handler.go:31.62,34.3 2 0
avito_spring_staj_2025/internal/auth/handler/auth_handler.go:36.2,42.16 4 0
avito_spring_staj_2025/internal/auth/handler/auth_handler.go:42.16,45.3 2 0
avito_spring_staj_2025/internal/auth/handler/auth_handler.go:47.2,50.16 4 0
avito_spring_staj_2025/internal/auth/handler/auth_handler.go:50.16,53.3 2 0
avito_spring_staj_2025/internal/auth/handler/auth_handler.go:56.72,62.22 5 0
avito_spring_staj_2025/internal/auth/handler/auth_handler.go:62.22,65.3 2 0
avito_spring_staj_2025/internal/auth/handler/auth_handler.go:67.2,69.69 3 0
avito_spring_staj_2025/internal/auth/handler/auth_handler.go:69.69,72.3 2 0
avito_spring_staj_2025/internal/auth/handler/auth_handler.go:74.2,81.16 3 0
avito_spring_staj_2025/internal/auth/handler/auth_handler.go:81.16,84.3 2 0
avito_spring_staj_2025/internal/auth/handler/auth_handler.go:85.2,93.16 5 0
avito_spring_staj_2025/internal/auth/handler/auth_handler.go:93.16,96.3 2 0
avito_spring_staj_2025/internal/auth/handler/auth_handler.go:99.69,105.22 5 0
avito_spring_staj_2025/internal/auth/handler/auth_handler.go:105.22,108.3 2 0
avito_spring_staj_2025/internal/auth/handler/auth_handler.go:110.2,112.69 3 0
avito_spring_staj_2025/internal/auth/handler/auth_handler.go:112.69,115.3 2 0
avito_spring_staj_2025/internal/auth/handler/auth_handler.go:117.2,123.16 3 0
avito_spring_staj_2025/internal/auth/handler/auth_handler.go:123.16,126.3 2 0
avito_spring_staj_2025/internal/auth/handler/auth_handler.go:128.2,131.16 4 0
avito_spring_staj_2025/internal/auth/handler/auth_handler.go:131.16,134.3 2 0
avito_spring_staj_2025/internal/auth/handler/auth_handler.go:137.87,146.21 4 0
avito_spring_staj_2025/internal/auth/handler/auth_handler.go:149.35,150.39 1 0
avito_spring_staj_2025/internal/auth/handler/auth_handler.go:151.26,152.41 1 0
avito_spring_staj_2025/internal/auth/handler/auth_handler.go:153.43,154.48 1 0
avito_spring_staj_2025/internal/auth/handler/auth_handler.go:155.10,156.48 1 0
avito_spring_staj_2025/internal/auth/handler/auth_handler.go:159.2,159.73 1 0
avito_spring_staj_2025/internal/auth/handler/auth_handler.go:159.73,165.3 2 0
avito_spring_staj_2025/internal/auth/repository/auth_repository.go:18.51,22.2 1 1
avito_spring_staj_2025/internal/auth/repository/auth_repository.go:24.82,33.16 5 1
avito_spring_staj_2025/internal/auth/repository/auth_repository.go:33.16,36.3 2 0
avito_spring_staj_2025/internal/auth/repository/auth_repository.go:38.2,39.16 2 1
avito_spring_staj_2025/internal/auth/repository/auth_repository.go:39.16,42.3 2 1
avito_spring_staj_2025/internal/auth/repository/auth_repository.go:44.2,49.12 2 1
avito_spring_staj_2025/internal/auth/repository/auth_repository.go:52.97,61.16 5 1
avito_spring_staj_2025/internal/auth/repository/auth_repository.go:61.16,64.3 2 0
avito_spring_staj_2025/internal/auth/repository/auth_repository.go:66.2,70.16 4 1
avito_spring_staj_2025/internal/auth/repository/auth_repository.go:70.16,71.36 1 1
avito_spring_staj_2025/internal/auth/repository/auth_repository.go:71.36,77.4 2 1
avito_spring_staj_2025/internal/auth/repository/auth_repository.go:78.3,79.18 2 1
avito_spring_staj_2025/internal/auth/repository/auth_repository.go:82.2,82.19 1 1
avito_spring_staj_2025/internal/auth/usecase/auth_usecase.go:18.92,23.2 1 0
avito_spring_staj_2025/internal/auth/usecase/auth_usecase.go:25.82,26.47 1 0
avito_spring_staj_2025/internal/auth/usecase/auth_usecase.go:26.47,28.3 1 0
avito_spring_staj_2025/internal/auth/usecase/auth_usecase.go:29.2,31.16 3 0
avito_spring_staj_2025/internal/auth/usecase/auth_usecase.go:31.16,33.3 1 0
avito_spring_staj_2025/internal/auth/usecase/auth_usecase.go:34.2,34.22 1 0
avito_spring_staj_2025/internal/auth/usecase/auth_usecase.go:37.112,39.16 2 0
avito_spring_staj_2025/internal/auth/usecase/auth_usecase.go:39.16,41.3 1 0
avito_spring_staj_2025/internal/auth/usecase/auth_usecase.go:43.2,43.71 1 0
avito_spring_staj_2025/internal/auth/usecase/auth_usecase.go:43.71,45.3 1 0
avito_spring_staj_2025/internal/auth/usecase/auth_usecase.go:47.2,48.16 2 0
avito_spring_staj_2025/internal/auth/usecase/auth_usecase.go:48.16,50.3 1 0
avito_spring_staj_2025/internal/auth/usecase/auth_usecase.go:52.2,54.16 3 0
avito_spring_staj_2025/internal/auth/usecase/auth_usecase.go:54.16,56.3 1 0
avito_spring_staj_2025/internal/auth/usecase/auth_usecase.go:57.2,57.18 1 0
avito_spring_staj_2025/internal/auth/usecase/auth_usecase.go:60.101,62.16 2 0
avito_spring_staj_2025/internal/auth/usecase/auth_usecase.go:62.16,64.3 1 0
avito_spring_staj_2025/internal/auth/usecase/auth_usecase.go:65.2,65.72 1 0
avito_spring_staj_2025/internal/auth/usecase/auth_usecase.go:65.72,67.3 1 0
avito_spring_staj_2025/internal/auth/usecase/auth_usecase.go:68.2,70.16 3 0
avito_spring_staj_2025/internal/auth/usecase/auth_usecase.go:70.16,72.3 1 0
avito_spring_staj_2025/internal/auth/usecase/auth_usecase.go:73.2,73.22 1 0
avito_spring_staj_2025/internal/db/db.go:11.26,13.21 2 0
avito_spring_staj_2025/internal/db/db.go:13.21,15.3 1 0
avito_spring_staj_2025/internal/db/db.go:17.2,18.16 2 0
avito_spring_staj_2025/internal/db/db.go:18.16,20.3 1 0
avito_spring_staj_2025/internal/db/db.go:22.2,32.34 9 0
avito_spring_staj_2025/internal/db/db.go:32.34,34.3 1 0
avito_spring_staj_2025/internal/db/db.go:36.2,37.11 2 0
avito_spring_staj_2025/internal/db/db.go:40.23,42.16 2 0
avito_spring_staj_2025/internal/db/db.go:42.16,44.3 1 0
avito_spring_staj_2025/internal/db/db.go:45.2,50.117 5 0
avito_spring_staj_2025/internal/pvz/handler/pvz_grpc_handler.go:14.60,16.2 1 0
avito_spring_staj_2025/internal/pvz/handler/pvz_grpc_handler.go:18.117,20.16 2 0
avito_spring_staj_2025/internal/pvz/handler/pvz_grpc_handler.go:20.16,22.3 1 0
avito_spring_staj_2025/internal/pvz/handler/pvz_grpc_handler.go:24.2,25.27 2 0
avito_spring_staj_2025/internal/pvz/handler/pvz_grpc_handler.go:25.27,31.3 1 0
avito_spring_staj_2025/internal/pvz/handler/pvz_grpc_handler.go:33.2,35.8 1 0
avito_spring_staj_2025/internal/pvz/handler/pvz_handler.go:26.52,30.2 1 0
avito_spring_staj_2025/internal/pvz/handler/pvz_handler.go:32.72,39.62 6 0
avito_spring_staj_2025/internal/pvz/handler/pvz_handler.go:39.62,42.3 2 0
avito_spring_staj_2025/internal/pvz/handler/pvz_handler.go:43.2,50.16 3 0
avito_spring_staj_2025/internal/pvz/handler/pvz_handler.go:50.16,53.3 2 0
avito_spring_staj_2025/internal/pvz/handler/pvz_handler.go:55.2,58.16 4 0
avito_spring_staj_2025/internal/pvz/handler/pvz_handler.go:58.16,61.3 2 0
avito_spring_staj_2025/internal/pvz/handler/pvz_handler.go:64.81,76.24 9 0
avito_spring_staj_2025/internal/pvz/handler/pvz_handler.go:76.24,78.17 2 0
avito_spring_staj_2025/internal/pvz/handler/pvz_handler.go:78.17,81.4 2 0
avito_spring_staj_2025/internal/pvz/handler/pvz_handler.go:83.2,83.22 1 0
avito_spring_staj_2025/internal/pvz/handler/pvz_handler.go:83.22,85.17 2 0
avito_spring_staj_2025/internal/pvz/handler/pvz_handler.go:85.17,88.4 2 0
avito_spring_staj_2025/internal/pvz/handler/pvz_handler.go:91.2,95.28 4 0
avito_spring_staj_2025/internal/pvz/handler/pvz_handler.go:95.28,97.3 1 0
avito_spring_staj_2025/internal/pvz/handler/pvz_handler.go:98.2,99.29 2 0
avito_spring_staj_2025/internal/pvz/handler/pvz_handler.go:99.29,101.3 1 0
avito_spring_staj_2025/internal/pvz/handler/pvz_handler.go:103.2,104.16 2 0
avito_spring_staj_2025/internal/pvz/handler/pvz_handler.go:104.16,107.3 2 0
avito_spring_staj_2025/internal/pvz/handler/pvz_handler.go:108.2,109.27 2 0
avito_spring_staj_2025/internal/pvz/handler/pvz_handler.go:109.27,111.44 2 0
avito_spring_staj_2025/internal/pvz/handler/pvz_handler.go:111.44,116.4 1 0
avito_spring_staj_2025/internal/pvz/handler/pvz_handler.go:118.3,125.5 1 0
avito_spring_staj_2025/internal/pvz/handler/pvz_handler.go:128.2,130.60 3 0
avito_spring_staj_2025/internal/pvz/handler/pvz_handler.go:130.60,133.3 2 0
avito_spring_staj_2025/internal/pvz/handler/pvz_handler.go:136.81,138.16 2 0
avito_spring_staj_2025/internal/pvz/handler/pvz_handler.go:138.16,141.3 2 0
avito_spring_staj_2025/internal/pvz/handler/pvz_handler.go:142.2,150.16 6 0
avito_spring_staj_2025/internal/pvz/handler/pvz_handler.go:150.16,153.3 2 0
avito_spring_staj_2025/internal/pvz/handler/pvz_handler.go:155.2,162.30 3 0
avito_spring_staj_2025/internal/pvz/handler/pvz_handler.go:162.30,169.3 2 0
avito_spring_staj_2025/internal/pvz/handler/pvz_handler.go:171.2,172.58 2 0
avito_spring_staj_2025/internal/pvz/handler/pvz_handler.go:172.58,175.3 2 0
avito_spring_staj_2025/internal/pvz/handler/pvz_handler.go:178.86,187.21 4 0
avito_spring_staj_2025/internal/pvz/handler/pvz_handler.go:190.93,191.39 1 0
avito_spring_staj_2025/internal/pvz/handler/pvz_handler.go:192.34,193.38 1 0
avito_spring_staj_2025/internal/pvz/handler/pvz_handler.go:194.43,195.48 1 0
avito_spring_staj_2025/internal/pvz/handler/pvz_handler.go:196.10,197.48 1 0
avito_spring_staj_2025/internal/pvz/handler/pvz_handler.go:200.2,200.73 1 0
avito_spring_staj_2025/internal/pvz/handler/pvz_handler.go:200.73,206.3 2 0
avito_spring_staj_2025/internal/pvz/repository/pvz_repository.go:20.49,24.2 1 0
avito_spring_staj_2025/internal/pvz/repository/pvz_repository.go:26.94,35.16 5 0
avito_spring_staj_2025/internal/pvz/repository/pvz_repository.go:35.16,38.3 2 0
avito_spring_staj_2025/internal/pvz/repository/pvz_repository.go:40.2,41.16 2 0
avito_spring_staj_2025/internal/pvz/repository/pvz_repository.go:41.16,44.3 2 0
avito_spring_staj_2025/internal/pvz/repository/pvz_repository.go:46.2,51.12 2 0
avito_spring_staj_2025/internal/pvz/repository/pvz_repository.go:54.137,66.20 5 0
avito_spring_staj_2025/internal/pvz/repository/pvz_repository.go:66.20,68.3 1 0
avito_spring_staj_2025/internal/pvz/repository/pvz_repository.go:69.2,69.18 1 0
avito_spring_staj_2025/internal/pvz/repository/pvz_repository.go:69.18,71.3 1 0
avito_spring_staj_2025/internal/pvz/repository/pvz_repository.go:73.2,73.27 1 0
avito_spring_staj_2025/internal/pvz/repository/pvz_repository.go:73.27,75.3 1 0
avito_spring_staj_2025/internal/pvz/repository/pvz_repository.go:77.2,82.16 3 0
avito_spring_staj_2025/internal/pvz/repository/pvz_repository.go:82.16,84.3 1 0
avito_spring_staj_2025/internal/pvz/repository/pvz_repository.go:85.2,86.16 2 0
avito_spring_staj_2025/internal/pvz/repository/pvz_repository.go:86.16,88.3 1 0
avito_spring_staj_2025/internal/pvz/repository/pvz_repository.go:89.2,89.15 1 0
avito_spring_staj_2025/internal/pvz/repository/pvz_repository.go:89.15,90.38 1 0
avito_spring_staj_2025/internal/pvz/repository/pvz_repository.go:90.38,92.4 1 0
avito_spring_staj_2025/internal/pvz/repository/pvz_repository.go:95.2,96.18 2 0
avito_spring_staj_2025/internal/pvz/repository/pvz_repository.go:96.18,98.72 2 0
avito_spring_staj_2025/internal/pvz/repository/pvz_repository.go:98.72,100.4 1 0
avito_spring_staj_2025/internal/pvz/repository/pvz_repository.go:101.3,101.25 1 0
avito_spring_staj_2025/internal/pvz/repository/pvz_repository.go:104.2,104.18 1 0
avito_spring_staj_2025/internal/pvz/repository/pvz_repository.go:107.104,120.16 5 0
avito_spring_staj_2025/internal/pvz/repository/pvz_repository.go:120.16,123.3 2 0
avito_spring_staj_2025/internal/pvz/repository/pvz_repository.go:124.2,125.16 2 0
avito_spring_staj_2025/internal/pvz/repository/pvz_repository.go:125.16,127.3 1 0
avito_spring_staj_2025/internal/pvz/repository/pvz_repository.go:128.2,128.15 1 0
avito_spring_staj_2025/internal/pvz/repository/pvz_repository.go:128.15,129.38 1 0
avito_spring_staj_2025/internal/pvz/repository/pvz_repository.go:129.38,131.4 1 0
avito_spring_staj_2025/internal/pvz/repository/pvz_repository.go:134.2,135.18 2 0
avito_spring_staj_2025/internal/pvz/repository/pvz_repository.go:135.18,137.76 2 0
avito_spring_staj_2025/internal/pvz/repository/pvz_repository.go:137.76,139.4 1 0
avito_spring_staj_2025/internal/pvz/repository/pvz_repository.go:140.3,140.37 1 0
avito_spring_staj_2025/internal/pvz/repository/pvz_repository.go:143.2,143.24 1 0
avito_spring_staj_2025/internal/pvz/repository/pvz_repository.go:146.112,159.16 5 0
avito_spring_staj_2025/internal/pvz/repository/pvz_repository.go:159.16,162.3 2 0
avito_spring_staj_2025/internal/pvz/repository/pvz_repository.go:164.2,165.16 2 0
avito_spring_staj_2025/internal/pvz/repository/pvz_repository.go:165.16,167.3 1 0
avito_spring_staj_2025/internal/pvz/repository/pvz_repository.go:168.2,168.15 1 0
avito_spring_staj_2025/internal/pvz/repository/pvz_repository.go:168.15,169.38 1 0
avito_spring_staj_2025/internal/pvz/repository/pvz_repository.go:169.38,171.4 1 0
avito_spring_staj_2025/internal/pvz/repository/pvz_repository.go:174.2,175.18 2 0
avito_spring_staj_2025/internal/pvz/repository/pvz_repository.go:175.18,177.80 2 0
avito_spring_staj_2025/internal/pvz/repository/pvz_repository.go:177.80,179.4 1 0
avito_spring_staj_2025/internal/pvz/repository/pvz_repository.go:180.3,180.33 1 0
avito_spring_staj_2025/internal/pvz/repository/pvz_repository.go:183.2,183.22 1 0
avito_spring_staj_2025/internal/pvz/repository/pvz_repository.go:186.78,189.16 3 0
avito_spring_staj_2025/internal/pvz/repository/pvz_repository.go:189.16,191.3 1 0
avito_spring_staj_2025/internal/pvz/repository/pvz_repository.go:192.2,192.15 1 0
avito_spring_staj_2025/internal/pvz/repository/pvz_repository.go:192.15,193.38 1 0
avito_spring_staj_2025/internal/pvz/repository/pvz_repository.go:193.38,195.4 1 0
avito_spring_staj_2025/internal/pvz/repository/pvz_repository.go:198.2,199.18 2 0
avito_spring_staj_2025/internal/pvz/repository/pvz_repository.go:199.18,201.78 2 0
avito_spring_staj_2025/internal/pvz/repository/pvz_repository.go:201.78,203.4 1 0
avito_spring_staj_2025/internal/pvz/repository/pvz_repository.go:204.3,204.27 1 0
avito_spring_staj_2025/internal/pvz/repository/pvz_repository.go:207.2,207.35 1 0
avito_spring_staj_2025/internal/pvz/repository/pvz_repository.go:207.35,209.3 1 0
avito_spring_staj_2025/internal/pvz/repository/pvz_repository.go:211.2,211.18 1 0
avito_spring_staj_2025/internal/pvz/usecase/pvz_usecase.go:16.60,20.2 1 0
avito_spring_staj_2025/internal/pvz/usecase/pvz_usecase.go:22.92,23.112 1 0
avito_spring_staj_2025/internal/pvz/usecase/pvz_usecase.go:23.112,25.3 1 0
avito_spring_staj_2025/internal/pvz/usecase/pvz_usecase.go:26.2,26.66 1 0
avito_spring_staj_2025/internal/pvz/usecase/pvz_usecase.go:26.66,28.3 1 0
avito_spring_staj_2025/internal/pvz/usecase/pvz_usecase.go:29.2,30.16 2 0
avito_spring_staj_2025/internal/pvz/usecase/pvz_usecase.go:30.16,32.3 1 0
avito_spring_staj_2025/internal/pvz/usecase/pvz_usecase.go:33.2,33.12 1 0
avito_spring_staj_2025/internal/pvz/usecase/pvz_usecase.go:36.129,39.16 3 0
avito_spring_staj_2025/internal/pvz/usecase/pvz_usecase.go:39.16,41.3 1 0
avito_spring_staj_2025/internal/pvz/usecase/pvz_usecase.go:43.2,43.22 1 0
avito_spring_staj_2025/internal/pvz/usecase/pvz_usecase.go:43.22,46.17 3 0
avito_spring_staj_2025/internal/pvz/usecase/pvz_usecase.go:46.17,48.4 1 0
avito_spring_staj_2025/internal/pvz/usecase/pvz_usecase.go:49.3,49.29 1 0
avito_spring_staj_2025/internal/pvz/usecase/pvz_usecase.go:49.29,52.18 3 0
avito_spring_staj_2025/internal/pvz/usecase/pvz_usecase.go:52.18,54.5 1 0
avito_spring_staj_2025/internal/pvz/usecase/pvz_usecase.go:55.4,55.33 1 0
avito_spring_staj_2025/internal/pvz/usecase/pvz_usecase.go:57.3,57.30 1 0
avito_spring_staj_2025/internal/pvz/usecase/pvz_usecase.go:59.2,59.18 1 0
avito_spring_staj_2025/internal/pvz/usecase/pvz_usecase.go:62.76,64.2 1 0
avito_spring_staj_2025/internal/reception/handler/reception_handler.go:19.70,23.2 1 0
avito_spring_staj_2025/internal/reception/handler/reception_handler.go:25.84,32.62 6 0
avito_spring_staj_2025/internal/reception/handler/reception_handler.go:32.62,35.3 2 0
avito_spring_staj_2025/internal/reception/handler/reception_handler.go:36.2,41.16 3 0
avito_spring_staj_2025/internal/reception/handler/reception_handler.go:41.16,44.3 2 0
avito_spring_staj_2025/internal/reception/handler/reception_handler.go:45.2,54.16 5 0
avito_spring_staj_2025/internal/reception/handler/reception_handler.go:54.16,57.3 2 0
avito_spring_staj_2025/internal/reception/handler/reception_handler.go:60.90,67.62 6 0
avito_spring_staj_2025/internal/reception/handler/reception_handler.go:67.62,70.3 2 0
avito_spring_staj_2025/internal/reception/handler/reception_handler.go:72.2,78.16 3 0
avito_spring_staj_2025/internal/reception/handler/reception_handler.go:78.16,81.3 2 0
avito_spring_staj_2025/internal/reception/handler/reception_handler.go:83.2,93.16 5 0
avito_spring_staj_2025/internal/reception/handler/reception_handler.go:93.16,96.3 2 0
avito_spring_staj_2025/internal/reception/handler/reception_handler.go:99.86,108.16 7 0
avito_spring_staj_2025/internal/reception/handler/reception_handler.go:108.16,111.3 2 0
avito_spring_staj_2025/internal/reception/handler/reception_handler.go:113.2,113.30 1 0
avito_spring_staj_2025/internal/reception/handler/reception_handler.go:116.87,124.16 6 0
avito_spring_staj_2025/internal/reception/handler/reception_handler.go:124.16,127.3 2 0
avito_spring_staj_2025/internal/reception/handler/reception_handler.go:129.2,138.60 4 0
avito_spring_staj_2025/internal/reception/handler/reception_handler.go:138.60,141.3 2 0
avito_spring_staj_2025/internal/reception/handler/reception_handler.go:144.92,153.21 4 0
avito_spring_staj_2025/internal/reception/handler/reception_handler.go:156.93,157.39 1 0
avito_spring_staj_2025/internal/reception/handler/reception_handler.go:158.34,159.38 1 0
avito_spring_staj_2025/internal/reception/handler/reception_handler.go:160.43,161.48 1 0
avito_spring_staj_2025/internal/reception/handler/reception_handler.go:162.10,163.48 1 0
avito_spring_staj_2025/internal/reception/handler/reception_handler.go:166.2,166.73 1 0
avito_spring_staj_2025/internal/reception/handler/reception_handler.go:166.73,172.3 2 0
avito_spring_staj_2025/internal/reception/repository/reception_repository.go:18.61,22.2 1 0
avito_spring_staj_2025/internal/reception/repository/reception_repository.go:24.96,33.16 5 0
avito_spring_staj_2025/internal/reception/repository/reception_repository.go:33.16,36.3 2 0
avito_spring_staj_2025/internal/reception/repository/reception_repository.go:38.2,39.16 2 0
avito_spring_staj_2025/internal/reception/repository/reception_repository.go:39.16,42.3 2 0
avito_spring_staj_2025/internal/reception/repository/reception_repository.go:43.2,46.12 2 0
avito_spring_staj_2025/internal/reception/repository/reception_repository.go:49.97,58.16 5 0
avito_spring_staj_2025/internal/reception/repository/reception_repository.go:58.16,61.3 2 0
avito_spring_staj_2025/internal/reception/repository/reception_repository.go:63.2,67.16 4 0
avito_spring_staj_2025/internal/reception/repository/reception_repository.go:67.16,68.36 1 0
avito_spring_staj_2025/internal/reception/repository/reception_repository.go:68.36,74.4 2 0
avito_spring_staj_2025/internal/reception/repository/reception_repository.go:75.3,76.18 2 0
avito_spring_staj_2025/internal/reception/repository/reception_repository.go:79.2,79.18 1 0
avito_spring_staj_2025/internal/reception/repository/reception_repository.go:82.112,92.16 5 0
avito_spring_staj_2025/internal/reception/repository/reception_repository.go:92.16,95.3 2 0
avito_spring_staj_2025/internal/reception/repository/reception_repository.go:97.2,101.16 4 0
avito_spring_staj_2025/internal/reception/repository/reception_repository.go:101.16,102.36 1 0
avito_spring_staj_2025/internal/reception/repository/reception_repository.go:102.36,106.4 1 0
avito_spring_staj_2025/internal/reception/repository/reception_repository.go:107.3,107.48 1 0
avito_spring_staj_2025/internal/reception/repository/reception_repository.go:109.2,109.24 1 0
avito_spring_staj_2025/internal/reception/repository/reception_repository.go:112.103,121.16 5 0
avito_spring_staj_2025/internal/reception/repository/reception_repository.go:121.16,124.3 2 0
avito_spring_staj_2025/internal/reception/repository/reception_repository.go:125.2,126.16 2 0
avito_spring_staj_2025/internal/reception/repository/reception_repository.go:126.16,129.3 2 0
avito_spring_staj_2025/internal/reception/repository/reception_repository.go:130.2,134.12 2 0
avito_spring_staj_2025/internal/reception/repository/reception_repository.go:137.122,153.16 5 0
avito_spring_staj_2025/internal/reception/repository/reception_repository.go:153.16,156.3 2 0
avito_spring_staj_2025/internal/reception/repository/reception_repository.go:158.2,165.16 3 0
avito_spring_staj_2025/internal/reception/repository/reception_repository.go:165.16,166.36 1 0
avito_spring_staj_2025/internal/reception/repository/reception_repository.go:166.36,172.4 2 0
avito_spring_staj_2025/internal/reception/repository/reception_repository.go:173.3,174.18 2 0
avito_spring_staj_2025/internal/reception/repository/reception_repository.go:177.2,177.22 1 0
avito_spring_staj_2025/internal/reception/repository/reception_repository.go:180.93,193.16 5 0
avito_spring_staj_2025/internal/reception/repository/reception_repository.go:193.16,196.3 2 0
avito_spring_staj_2025/internal/reception/repository/reception_repository.go:198.2,199.16 2 0
avito_spring_staj_2025/internal/reception/repository/reception_repository.go:199.16,202.3 2 0
avito_spring_staj_2025/internal/reception/repository/reception_repository.go:204.2,205.23 2 0
avito_spring_staj_2025/internal/reception/repository/reception_repository.go:205.23,207.3 1 0
avito_spring_staj_2025/internal/reception/repository/reception_repository.go:209.2,214.12 2 0
avito_spring_staj_2025/internal/reception/repository/reception_repository.go:217.101,231.16 5 0
avito_spring_staj_2025/internal/reception/repository/reception_repository.go:231.16,234.3 2 0
avito_spring_staj_2025/internal/reception/repository/reception_repository.go:236.2,237.16 2 0
avito_spring_staj_2025/internal/reception/repository/reception_repository.go:237.16,240.3 2 0
avito_spring_staj_2025/internal/reception/repository/reception_repository.go:242.2,249.12 3 0
avito_spring_staj_2025/internal/reception/usecase/reception_usecase.go:17.84,21.2 1 0
avito_spring_staj_2025/internal/reception/usecase/reception_usecase.go:23.129,24.65 1 0
avito_spring_staj_2025/internal/reception/usecase/reception_usecase.go:24.65,26.3 1 0
avito_spring_staj_2025/internal/reception/usecase/reception_usecase.go:28.2,29.56 2 0
avito_spring_staj_2025/internal/reception/usecase/reception_usecase.go:29.56,31.3 1 0
avito_spring_staj_2025/internal/reception/usecase/reception_usecase.go:32.2,32.16 1 0
avito_spring_staj_2025/internal/reception/usecase/reception_usecase.go:32.16,34.3 1 0
avito_spring_staj_2025/internal/reception/usecase/reception_usecase.go:36.2,37.16 2 0
avito_spring_staj_2025/internal/reception/usecase/reception_usecase.go:37.16,39.3 1 0
avito_spring_staj_2025/internal/reception/usecase/reception_usecase.go:41.2,49.16 3 0
avito_spring_staj_2025/internal/reception/usecase/reception_usecase.go:49.16,51.3 1 0
avito_spring_staj_2025/internal/reception/usecase/reception_usecase.go:52.2,52.23 1 0
avito_spring_staj_2025/internal/reception/usecase/reception_usecase.go:55.128,56.65 1 0
avito_spring_staj_2025/internal/reception/usecase/reception_usecase.go:56.65,58.3 1 0
avito_spring_staj_2025/internal/reception/usecase/reception_usecase.go:60.2,60.111 1 0
avito_spring_staj_2025/internal/reception/usecase/reception_usecase.go:60.111,62.3 1 0
avito_spring_staj_2025/internal/reception/usecase/reception_usecase.go:64.2,65.16 2 0
avito_spring_staj_2025/internal/reception/usecase/reception_usecase.go:65.16,67.3 1 0
avito_spring_staj_2025/internal/reception/usecase/reception_usecase.go:69.2,70.16 2 0
avito_spring_staj_2025/internal/reception/usecase/reception_usecase.go:70.16,72.3 1 0
avito_spring_staj_2025/internal/reception/usecase/reception_usecase.go:73.2,81.16 3 0
avito_spring_staj_2025/internal/reception/usecase/reception_usecase.go:81.16,83.3 1 0
avito_spring_staj_2025/internal/reception/usecase/reception_usecase.go:85.2,85.21 1 0
avito_spring_staj_2025/internal/reception/usecase/reception_usecase.go:88.87,89.65 1 0
avito_spring_staj_2025/internal/reception/usecase/reception_usecase.go:89.65,91.3 1 0
avito_spring_staj_2025/internal/reception/usecase/reception_usecase.go:92.2,93.16 2 0
avito_spring_staj_2025/internal/reception/usecase/reception_usecase.go:93.16,95.3 1 0
avito_spring_staj_2025/internal/reception/usecase/reception_usecase.go:97.2,98.16 2 0
avito_spring_staj_2025/internal/reception/usecase/reception_usecase.go:98.16,100.3 1 0
avito_spring_staj_2025/internal/reception/usecase/reception_usecase.go:102.2,103.16 2 0
avito_spring_staj_2025/internal/reception/usecase/reception_usecase.go:103.16,105.3 1 0
avito_spring_staj_2025/internal/reception/usecase/reception_usecase.go:107.2,108.16 2 0
avito_spring_staj_2025/internal/reception/usecase/reception_usecase.go:108.16,110.3 1 0
avito_spring_staj_2025/internal/reception/usecase/reception_usecase.go:112.2,112.12 1 0
avito_spring_staj_2025/internal/reception/usecase/reception_usecase.go:115.104,116.65 1 0
avito_spring_staj_2025/internal/reception/usecase/reception_usecase.go:116.65,118.3 1 0
avito_spring_staj_2025/internal/reception/usecase/reception_usecase.go:119.2,120.16 2 0
avito_spring_staj_2025/internal/reception/usecase/reception_usecase.go:120.16,122.3 1 0
avito_spring_staj_2025/internal/reception/usecase/reception_usecase.go:124.2,125.16 2 0
avito_spring_staj_2025/internal/reception/usecase/reception_usecase.go:125.16,127.3 1 0
avito_spring_staj_2025/internal/reception/usecase/reception_usecase.go:129.2,130.16 2 0
avito_spring_staj_2025/internal/reception/usecase/reception_usecase.go:130.16,132.3 1 0
avito_spring_staj_2025/internal/reception/usecase/reception_usecase.go:134.2,134.24 1 0
avito_spring_staj_2025/internal/service/auth/password.go:5.52,7.16 2 0
avito_spring_staj_2025/internal/service/auth/password.go:7.16,9.3 1 0
avito_spring_staj_2025/internal/service/auth/password.go:10.2,10.36 1 0
avito_spring_staj_2025/internal/service/auth/password.go:13.58,16.2 2 0
avito_spring_staj_2025/internal/service/jwt/jwt.go:14.51,15.18 1 0
avito_spring_staj_2025/internal/service/jwt/jwt.go:15.18,17.3 1 0
avito_spring_staj_2025/internal/service/jwt/jwt.go:18.2,20.8 1 0
avito_spring_staj_2025/internal/service/jwt/jwt.go:28.76,29.16 1 0
avito_spring_staj_2025/internal/service/jwt/jwt.go:29.16,31.3 1 0
avito_spring_staj_2025/internal/service/jwt/jwt.go:32.2,40.38 3 0
avito_spring_staj_2025/internal/service/jwt/jwt.go:43.73,45.16 2 0
avito_spring_staj_2025/internal/service/jwt/jwt.go:45.16,47.3 1 0
avito_spring_staj_2025/internal/service/jwt/jwt.go:49.2,50.25 2 0
avito_spring_staj_2025/internal/service/jwt/jwt.go:50.25,52.3 1 0
avito_spring_staj_2025/internal/service/jwt/jwt.go:54.2,54.42 1 0
avito_spring_staj_2025/internal/service/jwt/jwt.go:54.42,56.3 1 0
avito_spring_staj_2025/internal/service/jwt/jwt.go:58.2,58.20 1 0
avito_spring_staj_2025/internal/service/jwt/jwt.go:61.77,63.36 2 0
avito_spring_staj_2025/internal/service/jwt/jwt.go:63.36,65.3 1 0
avito_spring_staj_2025/internal/service/jwt/jwt.go:66.2,66.23 1 0
avito_spring_staj_2025/internal/service/logger/logger.go:13.26,23.16 7 0
avito_spring_staj_2025/internal/service/logger/logger.go:23.16,25.3 1 0
avito_spring_staj_2025/internal/service/logger/logger.go:27.2,35.16 6 0
avito_spring_staj_2025/internal/service/logger/logger.go:35.16,37.3 1 0
avito_spring_staj_2025/internal/service/logger/logger.go:39.2,39.12 1 0
avito_spring_staj_2025/internal/service/logger/logger.go:42.26,44.16 2 0
avito_spring_staj_2025/internal/service/logger/logger.go:44.16,46.3 1 0
avito_spring_staj_2025/internal/service/logger/logger.go:47.2,48.16 2 0
avito_spring_staj_2025/internal/service/logger/logger.go:48.16,50.3 1 0
avito_spring_staj_2025/internal/service/logger/logger.go:51.2,51.12 1 0
avito_spring_staj_2025/internal/service/metrics/metrics.go:51.20,57.2 5 0
avito_spring_staj_2025/internal/service/middleware/middleware.go:22.77,24.2 1 0
avito_spring_staj_2025/internal/service/middleware/middleware.go:30.58,31.71 1 0
avito_spring_staj_2025/internal/service/middleware/middleware.go:31.71,36.3 4 0
avito_spring_staj_2025/internal/service/middleware/middleware.go:39.47,40.55 1 1
avito_spring_staj_2025/internal/service/middleware/middleware.go:40.55,42.3 1 1
avito_spring_staj_2025/internal/service/middleware/middleware.go:43.2,43.11 1 0
avito_spring_staj_2025/internal/service/middleware/middleware.go:53.42,55.13 2 0
avito_spring_staj_2025/internal/service/middleware/middleware.go:55.13,58.3 2 0
avito_spring_staj_2025/internal/service/middleware/middleware.go:59.2,59.32 1 0
avito_spring_staj_2025/internal/service/middleware/middleware.go:62.58,63.71 1 0
avito_spring_staj_2025/internal/service/middleware/middleware.go:63.71,68.23 3 0
avito_spring_staj_2025/internal/service/middleware/middleware.go:68.23,71.4 2 0
avito_spring_staj_2025/internal/service/middleware/middleware.go:73.3,73.23 1 0
avito_spring_staj_2025/internal/service/middleware/middleware.go:77.49,78.71 1 0
avito_spring_staj_2025/internal/service/middleware/middleware.go:78.71,83.28 4 0
avito_spring_staj_2025/internal/service/middleware/middleware.go:83.28,86.4 2 0
avito_spring_staj_2025/internal/service/middleware/middleware.go:88.3,88.23 1 0
avito_spring_staj_2025/internal/service/middleware/middleware.go:96.81,97.46 1 0
avito_spring_staj_2025/internal/service/middleware/middleware.go:97.46,98.72 1 0
avito_spring_staj_2025/internal/service/middleware/middleware.go:98.72,100.24 2 0
avito_spring_staj_2025/internal/service/middleware/middleware.go:100.24,103.5 2 0
avito_spring_staj_2025/internal/service/middleware/middleware.go:105.4,107.18 3 0
avito_spring_staj_2025/internal/service/middleware/middleware.go:107.18,110.5 2 0
avito_spring_staj_2025/internal/service/middleware/middleware.go:112.4,113.41 2 0
avito_spring_staj_2025/internal/service/middleware/middleware.go:118.60,119.71 1 0
avito_spring_staj_2025/internal/service/middleware/middleware.go:119.71,131.16 6 0
avito_spring_staj_2025/internal/service/middleware/middleware.go:131.16,141.4 4 0
avito_spring_staj_2025/internal/service/middleware/middleware.go:143.3,143.40 1 0
avito_spring_staj_2025/internal/service/middleware/middleware.go:147.86,148.46 1 0
avito_spring_staj_2025/internal/service/middleware/middleware.go:148.46,149.72 1 0
avito_spring_staj_2025/internal/service/middleware/middleware.go:149.72,152.4 2 0
avito_spring_staj_2025/internal/service/middleware/middleware.go:156.100,157.32 1 0
avito_spring_staj_2025/internal/service/middleware/middleware.go:157.32,159.3 1 0
avito_spring_staj_2025/internal/service/middleware/middleware.go:160.2,160.10 1 0
avito_spring_staj_2025/internal/service/router/router.go:15.160,40.2 19 0
avito_spring_staj_2025/internal/auth/handler/auth_handler.go:19.55,23.2 1 1
avito_spring_staj_2025/internal/auth/handler/auth_handler.go:25.74,31.62 5 1
avito_spring_staj_2025/internal/auth/handler/auth_handler.go:31.62,34.3 2 1
avito_spring_staj_2025/internal/auth/handler/auth_handler.go:36.2,42.16 4 1
avito_spring_staj_2025/internal/auth/handler/auth_handler.go:42.16,45.3 2 1
avito_spring_staj_2025/internal/auth/handler/auth_handler.go:47.2,50.16 4 1
avito_spring_staj_2025/internal/auth/handler/auth_handler.go:50.16,53.3 2 0
avito_spring_staj_2025/internal/auth/handler/auth_handler.go:56.72,62.22 5 1
avito_spring_staj_2025/internal/auth/handler/auth_handler.go:62.22,65.3 2 1
avito_spring_staj_2025/internal/auth/handler/auth_handler.go:67.2,69.69 3 1
avito_spring_staj_2025/internal/auth/handler/auth_handler.go:69.69,72.3 2 1
avito_spring_staj_2025/internal/auth/handler/auth_handler.go:74.2,81.16 3 1
avito_spring_staj_2025/internal/auth/handler/auth_handler.go:81.16,84.3 2 1
avito_spring_staj_2025/internal/auth/handler/auth_handler.go:85.2,93.16 5 1
avito_spring_staj_2025/internal/auth/handler/auth_handler.go:93.16,96.3 2 0
avito_spring_staj_2025/internal/auth/handler/auth_handler.go:99.69,105.22 5 1
avito_spring_staj_2025/internal/auth/handler/auth_handler.go:105.22,108.3 2 1
avito_spring_staj_2025/internal/auth/handler/auth_handler.go:110.2,112.69 3 1
avito_spring_staj_2025/internal/auth/handler/auth_handler.go:112.69,115.3 2 1
avito_spring_staj_2025/internal/auth/handler/auth_handler.go:117.2,123.16 3 1
avito_spring_staj_2025/internal/auth/handler/auth_handler.go:123.16,126.3 2 1
avito_spring_staj_2025/internal/auth/handler/auth_handler.go:128.2,131.16 4 1
avito_spring_staj_2025/internal/auth/handler/auth_handler.go:131.16,134.3 2 0
avito_spring_staj_2025/internal/auth/handler/auth_handler.go:137.87,146.21 4 1
avito_spring_staj_2025/internal/auth/handler/auth_handler.go:149.35,150.39 1 1
avito_spring_staj_2025/internal/auth/handler/auth_handler.go:151.26,152.41 1 0
avito_spring_staj_2025/internal/auth/handler/auth_handler.go:153.43,154.48 1 0
avito_spring_staj_2025/internal/auth/handler/auth_handler.go:155.10,156.48 1 1
avito_spring_staj_2025/internal/auth/handler/auth_handler.go:159.2,159.73 1 1
avito_spring_staj_2025/internal/auth/handler/auth_handler.go:159.73,165.3 2 0
avito_spring_staj_2025/internal/auth/repository/auth_repository.go:18.51,22.2 1 0
avito_spring_staj_2025/internal/auth/repository/auth_repository.go:24.82,33.16 5 0
avito_spring_staj_2025/internal/auth/repository/auth_repository.go:33.16,36.3 2 0
avito_spring_staj_2025/internal/auth/repository/auth_repository.go:38.2,39.16 2 0
avito_spring_staj_2025/internal/auth/repository/auth_repository.go:39.16,42.3 2 0
avito_spring_staj_2025/internal/auth/repository/auth_repository.go:44.2,49.12 2 0
avito_spring_staj_2025/internal/auth/repository/auth_repository.go:52.97,61.16 5 0
avito_spring_staj_2025/internal/auth/repository/auth_repository.go:61.16,64.3 2 0
avito_spring_staj_2025/internal/auth/repository/auth_repository.go:66.2,70.16 4 0
avito_spring_staj_2025/internal/auth/repository/auth_repository.go:70.16,71.36 1 0
avito_spring_staj_2025/internal/auth/repository/auth_repository.go:71.36,77.4 2 0
avito_spring_staj_2025/internal/auth/repository/auth_repository.go:78.3,79.18 2 0
avito_spring_staj_2025/internal/auth/repository/auth_repository.go:82.2,82.19 1 0
avito_spring_staj_2025/internal/auth/usecase/auth_usecase.go:18.92,23.2 1 0
avito_spring_staj_2025/internal/auth/usecase/auth_usecase.go:25.82,26.47 1 0
avito_spring_staj_2025/internal/auth/usecase/auth_usecase.go:26.47,28.3 1 0
avito_spring_staj_2025/internal/auth/usecase/auth_usecase.go:29.2,31.16 3 0
avito_spring_staj_2025/internal/auth/usecase/auth_usecase.go:31.16,33.3 1 0
avito_spring_staj_2025/internal/auth/usecase/auth_usecase.go:34.2,34.22 1 0
avito_spring_staj_2025/internal/auth/usecase/auth_usecase.go:37.112,39.16 2 0
avito_spring_staj_2025/internal/auth/usecase/auth_usecase.go:39.16,41.3 1 0
avito_spring_staj_2025/internal/auth/usecase/auth_usecase.go:43.2,43.71 1 0
avito_spring_staj_2025/internal/auth/usecase/auth_usecase.go:43.71,45.3 1 0
avito_spring_staj_2025/internal/auth/usecase/auth_usecase.go:47.2,48.16 2 0
avito_spring_staj_2025/internal/auth/usecase/auth_usecase.go:48.16,50.3 1 0
avito_spring_staj_2025/internal/auth/usecase/auth_usecase.go:52.2,54.16 3 0
avito_spring_staj_2025/internal/auth/usecase/auth_usecase.go:54.16,56.3 1 0
avito_spring_staj_2025/internal/auth/usecase/auth_usecase.go:57.2,57.18 1 0
avito_spring_staj_2025/internal/auth/usecase/auth_usecase.go:60.101,62.16 2 0
avito_spring_staj_2025/internal/auth/usecase/auth_usecase.go:62.16,64.3 1 0
avito_spring_staj_2025/internal/auth/usecase/auth_usecase.go:65.2,65.72 1 0
avito_spring_staj_2025/internal/auth/usecase/auth_usecase.go:65.72,67.3 1 0
avito_spring_staj_2025/internal/auth/usecase/auth_usecase.go:68.2,70.16 3 0
avito_spring_staj_2025/internal/auth/usecase/auth_usecase.go:70.16,72.3 1 0
avito_spring_staj_2025/internal/auth/usecase/auth_usecase.go:73.2,73.22 1 0
avito_spring_staj_2025/internal/db/db.go:11.26,13.21 2 0
avito_spring_staj_2025/internal/db/db.go:13.21,15.3 1 0
avito_spring_staj_2025/internal/db/db.go:17.2,18.16 2 0
avito_spring_staj_2025/internal/db/db.go:18.16,20.3 1 0
avito_spring_staj_2025/internal/db/db.go:22.2,32.34 9 0
avito_spring_staj_2025/internal/db/db.go:32.34,34.3 1 0
avito_spring_staj_2025/internal/db/db.go:36.2,37.11 2 0
avito_spring_staj_2025/internal/db/db.go:40.23,42.16 2 0
avito_spring_staj_2025/internal/db/db.go:42.16,44.3 1 0
avito_spring_staj_2025/internal/db/db.go:45.2,50.117 5 0
avito_spring_staj_2025/internal/pvz/handler/pvz_grpc_handler.go:14.60,16.2 1 0
avito_spring_staj_2025/internal/pvz/handler/pvz_grpc_handler.go:18.117,20.16 2 0
avito_spring_staj_2025/internal/pvz/handler/pvz_grpc_handler.go:20.16,22.3 1 0
avito_spring_staj_2025/internal/pvz/handler/pvz_grpc_handler.go:24.2,25.27 2 0
avito_spring_staj_2025/internal/pvz/handler/pvz_grpc_handler.go:25.27,31.3 1 0
avito_spring_staj_2025/internal/pvz/handler/pvz_grpc_handler.go:33.2,35.8 1 0
avito_spring_staj_2025/internal/pvz/handler/pvz_handler.go:26.52,30.2 1 0
avito_spring_staj_2025/internal/pvz/handler/pvz_handler.go:32.72,39.62 6 0
avito_spring_staj_2025/internal/pvz/handler/pvz_handler.go:39.62,42.3 2 0
avito_spring_staj_2025/internal/pvz/handler/pvz_handler.go:43.2,50.16 3 0
avito_spring_staj_2025/internal/pvz/handler/pvz_handler.go:50.16,53.3 2 0
avito_spring_staj_2025/internal/pvz/handler/pvz_handler.go:55.2,58.16 4 0
avito_spring_staj_2025/internal/pvz/handler/pvz_handler.go:58.16,61.3 2 0
avito_spring_staj_2025/internal/pvz/handler/pvz_handler.go:64.81,76.24 9 0
avito_spring_staj_2025/internal/pvz/handler/pvz_handler.go:76.24,78.17 2 0
avito_spring_staj_2025/internal/pvz/handler/pvz_handler.go:78.17,81.4 2 0
avito_spring_staj_2025/internal/pvz/handler/pvz_handler.go:83.2,83.22 1 0
avito_spring_staj_2025/internal/pvz/handler/pvz_handler.go:83.22,85.17 2 0
avito_spring_staj_2025/internal/pvz/handler/pvz_handler.go:85.17,88.4 2 0
avito_spring_staj_2025/internal/pvz/handler/pvz_handler.go:91.2,95.28 4 0
avito_spring_staj_2025/internal/pvz/handler/pvz_handler.go:95.28,97.3 1 0
avito_spring_staj_2025/internal/pvz/handler/pvz_handler.go:98.2,99.29 2 0
avito_spring_staj_2025/internal/pvz/handler/pvz_handler.go:99.29,101.3 1 0
avito_spring_staj_2025/internal/pvz/handler/pvz_handler.go:103.2,104.16 2 0
avito_spring_staj_2025/internal/pvz/handler/pvz_handler.go:104.16,107.3 2 0
avito_spring_staj_2025/internal/pvz/handler/pvz_handler.go:108.2,109.27 2 0
avito_spring_staj_2025/internal/pvz/handler/pvz_handler.go:109.27,111.44 2 0
avito_spring_staj_2025/internal/pvz/handler/pvz_handler.go:111.44,116.4 1 0
avito_spring_staj_2025/internal/pvz/handler/pvz_handler.go:118.3,125.5 1 0
avito_spring_staj_2025/internal/pvz/handler/pvz_handler.go:128.2,130.60 3 0
avito_spring_staj_2025/internal/pvz/handler/pvz_handler.go:130.60,133.3 2 0
avito_spring_staj_2025/internal/pvz/handler/pvz_handler.go:136.81,138.16 2 0
avito_spring_staj_2025/internal/pvz/handler/pvz_handler.go:138.16,141.3 2 0
avito_spring_staj_2025/internal/pvz/handler/pvz_handler.go:142.2,150.16 6 0
avito_spring_staj_2025/internal/pvz/handler/pvz_handler.go:150.16,153.3 2 0
avito_spring_staj_2025/internal/pvz/handler/pvz_handler.go:155.2,162.30 3 0
avito_spring_staj_2025/internal/pvz/handler/pvz_handler.go:162.30,169.3 2 0
avito_spring_staj_2025/internal/pvz/handler/pvz_handler.go:171.2,172.58 2 0
avito_spring_staj_2025/internal/pvz/handler/pvz_handler.go:172.58,175.3 2 0
avito_spring_staj_2025/internal/pvz/handler/pvz_handler.go:178.86,187.21 4 0
avito_spring_staj_2025/internal/pvz/handler/pvz_handler.go:190.93,191.39 1 0
avito_spring_staj_2025/internal/pvz/handler/pvz_handler.go:192.34,193.38 1 0
avito_spring_staj_2025/internal/pvz/handler/pvz_handler.go:194.43,195.48 1 0
avito_spring_staj_2025/internal/pvz/handler/pvz_handler.go:196.10,197.48 1 0
avito_spring_staj_2025/internal/pvz/handler/pvz_handler.go:200.2,200.73 1 0
avito_spring_staj_2025/internal/pvz/handler/pvz_handler.go:200.73,206.3 2 0
avito_spring_staj_2025/internal/pvz/repository/pvz_repository.go:20.49,24.2 1 0
avito_spring_staj_2025/internal/pvz/repository/pvz_repository.go:26.94,35.16 5 0
avito_spring_staj_2025/internal/pvz/repository/pvz_repository.go:35.16,38.3 2 0
avito_spring_staj_2025/internal/pvz/repository/pvz_repository.go:40.2,41.16 2 0
avito_spring_staj_2025/internal/pvz/repository/pvz_repository.go:41.16,44.3 2 0
avito_spring_staj_2025/internal/pvz/repository/pvz_repository.go:46.2,51.12 2 0
avito_spring_staj_2025/internal/pvz/repository/pvz_repository.go:54.137,66.20 5 0
avito_spring_staj_2025/internal/pvz/repository/pvz_repository.go:66.20,68.3 1 0
avito_spring_staj_2025/internal/pvz/repository/pvz_repository.go:69.2,69.18 1 0
avito_spring_staj_2025/internal/pvz/repository/pvz_repository.go:69.18,71.3 1 0
avito_spring_staj_2025/internal/pvz/repository/pvz_repository.go:73.2,73.27 1 0
avito_spring_staj_2025/internal/pvz/repository/pvz_repository.go:73.27,75.3 1 0
avito_spring_staj_2025/internal/pvz/repository/pvz_repository.go:77.2,82.16 3 0
avito_spring_staj_2025/internal/pvz/repository/pvz_repository.go:82.16,84.3 1 0
avito_spring_staj_2025/internal/pvz/repository/pvz_repository.go:85.2,86.16 2 0
avito_spring_staj_2025/internal/pvz/repository/pvz_repository.go:86.16,88.3 1 0
avito_spring_staj_2025/internal/pvz/repository/pvz_repository.go:89.2,89.15 1 0
avito_spring_staj_2025/internal/pvz/repository/pvz_repository.go:89.15,90.38 1 0
avito_spring_staj_2025/internal/pvz/repository/pvz_repository.go:90.38,92.4 1 0
avito_spring_staj_2025/internal/pvz/repository/pvz_repository.go:95.2,96.18 2 0
avito_spring_staj_2025/internal/pvz/repository/pvz_repository.go:96.18,98.72 2 0
avito_spring_staj_2025/internal/pvz/repository/pvz_repository.go:98.72,100.4 1 0
avito_spring_staj_2025/internal/pvz/repository/pvz_repository.go:101.3,101.25 1 0
avito_spring_staj_2025/internal/pvz/repository/pvz_repository.go:104.2,104.18 1 0
avito_spring_staj_2025/internal/pvz/repository/pvz_repository.go:107.104,120.16 5 0
avito_spring_staj_2025/internal/pvz/repository/pvz_repository.go:120.16,123.3 2 0
avito_spring_staj_2025/internal/pvz/repository/pvz_repository.go:124.2,125.16 2 0
avito_spring_staj_2025/internal/pvz/repository/pvz_repository.go:125.16,127.3 1 0
avito_spring_staj_2025/internal/pvz/repository/pvz_repository.go:128.2,128.15 1 0
avito_spring_staj_2025/internal/pvz/repository/pvz_repository.go:128.15,129.38 1 0
avito_spring_staj_2025/internal/pvz/repository/pvz_repository.go:129.38,131.4 1 0
avito_spring_staj_2025/internal/pvz/repository/pvz_repository.go:134.2,135.18 2 0
avito_spring_staj_2025/internal/pvz/repository/pvz_repository.go:135.18,137.76 2 0
avito_spring_staj_2025/internal/pvz/repository/pvz_repository.go:137.76,139.4 1 0
avito_spring_staj_2025/internal/pvz/repository/pvz_repository.go:140.3,140.37 1 0
avito_spring_staj_2025/internal/pvz/repository/pvz_repository.go:143.2,143.24 1 0
avito_spring_staj_2025/internal/pvz/repository/pvz_repository.go:146.112,159.16 5 0
avito_spring_staj_2025/internal/pvz/repository/pvz_repository.go:159.16,162.3 2 0
avito_spring_staj_2025/internal/pvz/repository/pvz_repository.go:164.2,165.16 2 0
avito_spring_staj_2025/internal/pvz/repository/pvz_repository.go:165.16,167.3 1 0
avito_spring_staj_2025/internal/pvz/repository/pvz_repository.go:168.2,168.15 1 0
avito_spring_staj_2025/internal/pvz/repository/pvz_repository.go:168.15,169.38 1 0
avito_spring_staj_2025/internal/pvz/repository/pvz_repository.go:169.38,171.4 1 0
avito_spring_staj_2025/internal/pvz/repository/pvz_repository.go:174.2,175.18 2 0
avito_spring_staj_2025/internal/pvz/repository/pvz_repository.go:175.18,177.80 2 0
avito_spring_staj_2025/internal/pvz/repository/pvz_repository.go:177.80,179.4 1 0
avito_spring_staj_2025/internal/pvz/repository/pvz_repository.go:180.3,180.33 1 0
avito_spring_staj_2025/internal/pvz/repository/pvz_repository.go:183.2,183.22 1 0
avito_spring_staj_2025/internal/pvz/repository/pvz_repository.go:186.78,189.16 3 0
avito_spring_staj_2025/internal/pvz/repository/pvz_repository.go:189.16,191.3 1 0
avito_spring_staj_2025/internal/pvz/repository/pvz_repository.go:192.2,192.15 1 0
avito_spring_staj_2025/internal/pvz/repository/pvz_repository.go:192.15,193.38 1 0
avito_spring_staj_2025/internal/pvz/repository/pvz_repository.go:193.38,195.4 1 0
avito_spring_staj_2025/internal/pvz/repository/pvz_repository.go:198.2,199.18 2 0
avito_spring_staj_2025/internal/pvz/repository/pvz_repository.go:199.18,201.78 2 0
avito_spring_staj_2025/internal/pvz/repository/pvz_repository.go:201.78,203.4 1 0
avito_spring_staj_2025/internal/pvz/repository/pvz_repository.go:204.3,204.27 1 0
avito_spring_staj_2025/internal/pvz/repository/pvz_repository.go:207.2,207.35 1 0
avito_spring_staj_2025/internal/pvz/repository/pvz_repository.go:207.35,209.3 1 0
avito_spring_staj_2025/internal/pvz/repository/pvz_repository.go:211.2,211.18 1 0
avito_spring_staj_2025/internal/pvz/usecase/pvz_usecase.go:16.60,20.2 1 0
avito_spring_staj_2025/internal/pvz/usecase/pvz_usecase.go:22.92,23.112 1 0
avito_spring_staj_2025/internal/pvz/usecase/pvz_usecase.go:23.112,25.3 1 0
avito_spring_staj_2025/internal/pvz/usecase/pvz_usecase.go:26.2,26.66 1 0
avito_spring_staj_2025/internal/pvz/usecase/pvz_usecase.go:26.66,28.3 1 0
avito_spring_staj_2025/internal/pvz/usecase/pvz_usecase.go:29.2,30.16 2 0
avito_spring_staj_2025/internal/pvz/usecase/pvz_usecase.go:30.16,32.3 1 0
avito_spring_staj_2025/internal/pvz/usecase/pvz_usecase.go:33.2,33.12 1 0
avito_spring_staj_2025/internal/pvz/usecase/pvz_usecase.go:36.129,39.16 3 0
avito_spring_staj_2025/internal/pvz/usecase/pvz_usecase.go:39.16,41.3 1 0
avito_spring_staj_2025/internal/pvz/usecase/pvz_usecase.go:43.2,43.22 1 0
avito_spring_staj_2025/internal/pvz/usecase/pvz_usecase.go:43.22,46.17 3 0
avito_spring_staj_2025/internal/pvz/usecase/pvz_usecase.go:46.17,48.4 1 0
avito_spring_staj_2025/internal/pvz/usecase/pvz_usecase.go:49.3,49.29 1 0
avito_spring_staj_2025/internal/pvz/usecase/pvz_usecase.go:49.29,52.18 3 0
avito_spring_staj_2025/internal/pvz/usecase/pvz_usecase.go:52.18,54.5 1 0
avito_spring_staj_2025/internal/pvz/usecase/pvz_usecase.go:55.4,55.33 1 0
avito_spring_staj_2025/internal/pvz/usecase/pvz_usecase.go:57.3,57.30 1 0
avito_spring_staj_2025/internal/pvz/usecase/pvz_usecase.go:59.2,59.18 1 0
avito_spring_staj_2025/internal/pvz/usecase/pvz_usecase.go:62.76,64.2 1 0
avito_spring_staj_2025/internal/reception/handler/reception_handler.go:19.70,23.2 1 0
avito_spring_staj_2025/internal/reception/handler/reception_handler.go:25.84,32.62 6 0
avito_spring_staj_2025/internal/reception/handler/reception_handler.go:32.62,35.3 2 0
avito_spring_staj_2025/internal/reception/handler/reception_handler.go:36.2,41.16 3 0
avito_spring_staj_2025/internal/reception/handler/reception_handler.go:41.16,44.3 2 0
avito_spring_staj_2025/internal/reception/handler/reception_handler.go:45.2,54.16 5 0
avito_spring_staj_2025/internal/reception/handler/reception_handler.go:54.16,57.3 2 0
avito_spring_staj_2025/internal/reception/handler/reception_handler.go:60.90,67.62 6 0
avito_spring_staj_2025/internal/reception/handler/reception_handler.go:67.62,70.3 2 0
avito_spring_staj_2025/internal/reception/handler/reception_handler.go:72.2,78.16 3 0
avito_spring_staj_2025/internal/reception/handler/reception_handler.go:78.16,81.3 2 0
avito_spring_staj_2025/internal/reception/handler/reception_handler.go:83.2,93.16 5 0
avito_spring_staj_2025/internal/reception/handler/reception_handler.go:93.16,96.3 2 0
avito_spring_staj_2025/internal/reception/handler/reception_handler.go:99.86,108.16 7 0
avito_spring_staj_2025/internal/reception/handler/reception_handler.go:108.16,111.3 2 0
avito_spring_staj_2025/internal/reception/handler/reception_handler.go:113.2,113.30 1 0
avito_spring_staj_2025/internal/reception/handler/reception_handler.go:116.87,124.16 6 0
avito_spring_staj_2025/internal/reception/handler/reception_handler.go:124.16,127.3 2 0
avito_spring_staj_2025/internal/reception/handler/reception_handler.go:129.2,138.60 4 0
avito_spring_staj_2025/internal/reception/handler/reception_handler.go:138.60,141.3 2 0
avito_spring_staj_2025/internal/reception/handler/reception_handler.go:144.92,153.21 4 0
avito_spring_staj_2025/internal/reception/handler/reception_handler.go:156.93,157.39 1 0
avito_spring_staj_2025/internal/reception/handler/reception_handler.go:158.34,159.38 1 0
avito_spring_staj_2025/internal/reception/handler/reception_handler.go:160.43,161.48 1 0
avito_spring_staj_2025/internal/reception/handler/reception_handler.go:162.10,163.48 1 0
avito_spring_staj_2025/internal/reception/handler/reception_handler.go:166.2,166.73 1 0
avito_spring_staj_2025/internal/reception/handler/reception_handler.go:166.73,172.3 2 0
avito_spring_staj_2025/internal/reception/repository/reception_repository.go:18.61,22.2 1 0
avito_spring_staj_2025/internal/reception/repository/reception_repository.go:24.96,33.16 5 0
avito_spring_staj_2025/internal/reception/repository/reception_repository.go:33.16,36.3 2 0
avito_spring_staj_2025/internal/reception/repository/reception_repository.go:38.2,39.16 2 0
avito_spring_staj_2025/internal/reception/repository/reception_repository.go:39.16,42.3 2 0
avito_spring_staj_2025/internal/reception/repository/reception_repository.go:43.2,46.12 2 0
avito_spring_staj_2025/internal/reception/repository/reception_repository.go:49.97,58.16 5 0
avito_spring_staj_2025/internal/reception/repository/reception_repository.go:58.16,61.3 2 0
avito_spring_staj_2025/internal/reception/repository/reception_repository.go:63.2,67.16 4 0
avito_spring_staj_2025/internal/reception/repository/reception_repository.go:67.16,68.36 1 0
avito_spring_staj_2025/internal/reception/repository/reception_repository.go:68.36,74.4 2 0
avito_spring_staj_2025/internal/reception/repository/reception_repository.go:75.3,76.18 2 0
avito_spring_staj_2025/internal/reception/repository/reception_repository.go:79.2,79.18 1 0
avito_spring_staj_2025/internal/reception/repository/reception_repository.go:82.112,92.16 5 0
avito_spring_staj_2025/internal/reception/repository/reception_repository.go:92.16,95.3 2 0
avito_spring_staj_2025/internal/reception/repository/reception_repository.go:97.2,101.16 4 0
avito_spring_staj_2025/internal/reception/repository/reception_repository.go:101.16,102.36 1 0
avito_spring_staj_2025/internal/reception/repository/reception_repository.go:102.36,106.4 1 0
avito_spring_staj_2025/internal/reception/repository/reception_repository.go:107.3,107.48 1 0
avito_spring_staj_2025/internal/reception/repository/reception_repository.go:109.2,109.24 1 0
avito_spring_staj_2025/internal/reception/repository/reception_repository.go:112.103,121.16 5 0
avito_spring_staj_2025/internal/reception/repository/reception_repository.go:121.16,124.3 2 0
avito_spring_staj_2025/internal/reception/repository/reception_repository.go:125.2,126.16 2 0
avito_spring_staj_2025/internal/reception/repository/reception_repository.go:126.16,129.3 2 0
avito_spring_staj_2025/internal/reception/repository/reception_repository.go:130.2,134.12 2 0
avito_spring_staj_2025/internal/reception/repository/reception_repository.go:137.122,153.16 5 0
avito_spring_staj_2025/internal/reception/repository/reception_repository.go:153.16,156.3 2 0
avito_spring_staj_2025/internal/reception/repository/reception_repository.go:158.2,165.16 3 0
avito_spring_staj_2025/internal/reception/repository/reception_repository.go:165.16,166.36 1 0
avito_spring_staj_2025/internal/reception/repository/reception_repository.go:166.36,172.4 2 0
avito_spring_staj_2025/internal/reception/repository/reception_repository.go:173.3,174.18 2 0
avito_spring_staj_2025/internal/reception/repository/reception_repository.go:177.2,177.22 1 0
avito_spring_staj_2025/internal/reception/repository/reception_repository.go:180.93,193.16 5 0
avito_spring_staj_2025/internal/reception/repository/reception_repository.go:193.16,196.3 2 0
avito_spring_staj_2025/internal/reception/repository/reception_repository.go:198.2,199.16 2 0
avito_spring_staj_2025/internal/reception/repository/reception_repository.go:199.16,202.3 2 0
avito_spring_staj_2025/internal/reception/repository/reception_repository.go:204.2,205.23 2 0
avito_spring_staj_2025/internal/reception/repository/reception_repository.go:205.23,207.3 1 0
avito_spring_staj_2025/internal/reception/repository/reception_repository.go:209.2,214.12 2 0
avito_spring_staj_2025/internal/reception/repository/reception_repository.go:217.101,231.16 5 0
avito_spring_staj_2025/internal/reception/repository/reception_repository.go:231.16,234.3 2 0
avito_spring_staj_2025/internal/reception/repository/reception_repository.go:236.2,237.16 2 0
avito_spring_staj_2025/internal/reception/repository/reception_repository.go:237.16,240.3 2 0
avito_spring_staj_2025/internal/reception/repository/reception_repository.go:242.2,249.12 3 0
avito_spring_staj_2025/internal/reception/usecase/reception_usecase.go:17.84,21.2 1 0
avito_spring_staj_2025/internal/reception/usecase/reception_usecase.go:23.129,24.65 1 0
avito_spring_staj_2025/internal/reception/usecase/reception_usecase.go:24.65,26.3 1 0
avito_spring_staj_2025/internal/reception/usecase/reception_usecase.go:28.2,29.56 2 0
avito_spring_staj_2025/internal/reception/usecase/reception_usecase.go:29.56,31.3 1 0
avito_spring_staj_2025/internal/reception/usecase/reception_usecase.go:32.2,32.16 1 0
avito_spring_staj_2025/internal/reception/usecase/reception_usecase.go:32.16,34.3 1 0
avito_spring_staj_2025/internal/reception/usecase/reception_usecase.go:36.2,37.16 2 0
avito_spring_staj_2025/internal/reception/usecase/reception_usecase.go:37.16,39.3 1 0
avito_spring_staj_2025/internal/reception/usecase/reception_usecase.go:41.2,49.16 3 0
avito_spring_staj_2025/internal/reception/usecase/reception_usecase.go:49.16,51.3 1 0
avito_spring_staj_2025/internal/reception/usecase/reception_usecase.go:52.2,52.23 1 0
avito_spring_staj_2025/internal/reception/usecase/reception_usecase.go:55.128,56.65 1 0
avito_spring_staj_2025/internal/reception/usecase/reception_usecase.go:56.65,58.3 1 0
avito_spring_staj_2025/internal/reception/usecase/reception_usecase.go:60.2,60.111 1 0
avito_spring_staj_2025/internal/reception/usecase/reception_usecase.go:60.111,62.3 1 0
avito_spring_staj_2025/internal/reception/usecase/reception_usecase.go:64.2,65.16 2 0
avito_spring_staj_2025/internal/reception/usecase/reception_usecase.go:65.16,67.3 1 0
avito_spring_staj_2025/internal/reception/usecase/reception_usecase.go:69.2,70.16 2 0
avito_spring_staj_2025/internal/reception/usecase/reception_usecase.go:70.16,72.3 1 0
avito_spring_staj_2025/internal/reception/usecase/reception_usecase.go:73.2,81.16 3 0
avito_spring_staj_2025/internal/reception/usecase/reception_usecase.go:81.16,83.3 1 0
avito_spring_staj_2025/internal/reception/usecase/reception_usecase.go:85.2,85.21 1 0
avito_spring_staj_2025/internal/reception/usecase/reception_usecase.go:88.87,89.65 1 0
avito_spring_staj_2025/internal/reception/usecase/reception_usecase.go:89.65,91.3 1 0
avito_spring_staj_2025/internal/reception/usecase/reception_usecase.go:92.2,93.16 2 0
avito_spring_staj_2025/internal/reception/usecase/reception_usecase.go:93.16,95.3 1 0
avito_spring_staj_2025/internal/reception/usecase/reception_usecase.go:97.2,98.16 2 0
avito_spring_staj_2025/internal/reception/usecase/reception_usecase.go:98.16,100.3 1 0
avito_spring_staj_2025/internal/reception/usecase/reception_usecase.go:102.2,103.16 2 0
avito_spring_staj_2025/internal/reception/usecase/reception_usecase.go:103.16,105.3 1 0
avito_spring_staj_2025/internal/reception/usecase/reception_usecase.go:107.2,108.16 2 0
avito_spring_staj_2025/internal/reception/usecase/reception_usecase.go:108.16,110.3 1 0
avito_spring_staj_2025/internal/reception/usecase/reception_usecase.go:112.2,112.12 1 0
avito_spring_staj_2025/internal/reception/usecase/reception_usecase.go:115.104,116.65 1 0
avito_spring_staj_2025/internal/reception/usecase/reception_usecase.go:116.65,118.3 1 0
avito_spring_staj_2025/internal/reception/usecase/reception_usecase.go:119.2,120.16 2 0
avito_spring_staj_2025/internal/reception/usecase/reception_usecase.go:120.16,122.3 1 0
avito_spring_staj_2025/internal/reception/usecase/reception_usecase.go:124.2,125.16 2 0
avito_spring_staj_2025/internal/reception/usecase/reception_usecase.go:125.16,127.3 1 0
avito_spring_staj_2025/internal/reception/usecase/reception_usecase.go:129.2,130.16 2 0
avito_spring_staj_2025/internal/reception/usecase/reception_usecase.go:130.16,132.3 1 0
avito_spring_staj_2025/internal/reception/usecase/reception_usecase.go:134.2,134.24 1 0
avito_spring_staj_2025/internal/service/auth/password.go:5.52,7.16 2 0
avito_spring_staj_2025/internal/service/auth/password.go:7.16,9.3 1 0
avito_spring_staj_2025/internal/service/auth/password.go:10.2,10.36 1 0
avito_spring_staj_2025/internal/service/auth/password.go:13.58,16.2 2 0
avito_spring_staj_2025/internal/service/jwt/jwt.go:14.51,15.18 1 0
avito_spring_staj_2025/internal/service/jwt/jwt.go:15.18,17.3 1 0
avito_spring_staj_2025/internal/service/jwt/jwt.go:18.2,20.8 1 0
avito_spring_staj_2025/internal/service/jwt/jwt.go:28.76,29.16 1 0
avito_spring_staj_2025/internal/service/jwt/jwt.go:29.16,31.3 1 0
avito_spring_staj_2025/internal/service/jwt/jwt.go:32.2,40.38 3 0
avito_spring_staj_2025/internal/service/jwt/jwt.go:43.73,45.16 2 0
avito_spring_staj_2025/internal/service/jwt/jwt.go:45.16,47.3 1 0
avito_spring_staj_2025/internal/service/jwt/jwt.go:49.2,50.25 2 0
avito_spring_staj_2025/internal/service/jwt/jwt.go:50.25,52.3 1 0
avito_spring_staj_2025/internal/service/jwt/jwt.go:54.2,54.42 1 0
avito_spring_staj_2025/internal/service/jwt/jwt.go:54.42,56.3 1 0
avito_spring_staj_2025/internal/service/jwt/jwt.go:58.2,58.20 1 0
avito_spring_staj_2025/internal/service/jwt/jwt.go:61.77,63.36 2 0
avito_spring_staj_2025/internal/service/jwt/jwt.go:63.36,65.3 1 0
avito_spring_staj_2025/internal/service/jwt/jwt.go:66.2,66.23 1 0
avito_spring_staj_2025/internal/service/logger/logger.go:13.26,23.16 7 0
avito_spring_staj_2025/internal/service/logger/logger.go:23.16,25.3 1 0
avito_spring_staj_2025/internal/service/logger/logger.go:27.2,35.16 6 0
avito_spring_staj_2025/internal/service/logger/logger.go:35.16,37.3 1 0
avito_spring_staj_2025/internal/service/logger/logger.go:39.2,39.12 1 0
avito_spring_staj_2025/internal/service/logger/logger.go:42.26,44.16 2 0
avito_spring_staj_2025/internal/service/logger/logger.go:44.16,46.3 1 0
avito_spring_staj_2025/internal/service/logger/logger.go:47.2,48.16 2 0
avito_spring_staj_2025/internal/service/logger/logger.go:48.16,50.3 1 0
avito_spring_staj_2025/internal/service/logger/logger.go:51.2,51.12 1 0
avito_spring_staj_2025/internal/service/metrics/metrics.go:51.20,57.2 5 0
avito_spring_staj_2025/internal/service/middleware/middleware.go:22.77,24.2 1 1
avito_spring_staj_2025/internal/service/middleware/middleware.go:30.58,31.71 1 0
avito_spring_staj_2025/internal/service/middleware/middleware.go:31.71,36.3 4 0
avito_spring_staj_2025/internal/service/middleware/middleware.go:39.47,40.55 1 1
avito_spring_staj_2025/internal/service/middleware/middleware.go:40.55,42.3 1 0
avito_spring_staj_2025/internal/service/middleware/middleware.go:43.2,43.11 1 1
avito_spring_staj_2025/internal/service/middleware/middleware.go:53.42,55.13 2 0
avito_spring_staj_2025/internal/service/middleware/middleware.go:55.13,58.3 2 0
avito_spring_staj_2025/internal/service/middleware/middleware.go:59.2,59.32 1 0
avito_spring_staj_2025/internal/service/middleware/middleware.go:62.58,63.71 1 0
avito_spring_staj_2025/internal/service/middleware/middleware.go:63.71,68.23 3 0
avito_spring_staj_2025/internal/service/middleware/middleware.go:68.23,71.4 2 0
avito_spring_staj_2025/internal/service/middleware/middleware.go:73.3,73.23 1 0
avito_spring_staj_2025/internal/service/middleware/middleware.go:77.49,78.71 1 0
avito_spring_staj_2025/internal/service/middleware/middleware.go:78.71,83.28 4 0
avito_spring_staj_2025/internal/service/middleware/middleware.go:83.28,86.4 2 0
avito_spring_staj_2025/internal/service/middleware/middleware.go:88.3,88.23 1 0
avito_spring_staj_2025/internal/service/middleware/middleware.go:96.81,97.46 1 0
avito_spring_staj_2025/internal/service/middleware/middleware.go:97.46,98.72 1 0
avito_spring_staj_2025/internal/service/middleware/middleware.go:98.72,100.24 2 0
avito_spring_staj_2025/internal/service/middleware/middleware.go:100.24,103.5 2 0
avito_spring_staj_2025/internal/service/middleware/middleware.go:105.4,107.18 3 0
avito_spring_staj_2025/internal/service/middleware/middleware.go:107.18,110.5 2 0
avito_spring_staj_2025/internal/service/middleware/middleware.go:112.4,113.41 2 0
avito_spring_staj_2025/internal/service/middleware/middleware.go:118.60,119.71 1 0
avito_spring_staj_2025/internal/service/middleware/middleware.go:119.71,131.16 6 0
avito_spring_staj_2025/internal/service/middleware/middleware.go:131.16,141.4 4 0
avito_spring_staj_2025/internal/service/middleware/middleware.go:143.3,143.40 1 0
avito_spring_staj_2025/internal/service/middleware/middleware.go:147.86,148.46 1 0
avito_spring_staj_2025/internal/service/middleware/middleware.go:148.46,149.72 1 0
avito_spring_staj_2025/internal/service/middleware/middleware.go:149.72,152.4 2 0
avito_spring_staj_2025/internal/service/middleware/middleware.go:156.100,157.32 1 0
avito_spring_staj_2025/internal/service/middleware/middleware.go:157.32,159.3 1 0
avito_spring_staj_2025/internal/service/middleware/middleware.go:160.2,160.10 1 0
avito_spring_staj_2025/internal/service/router/router.go:15.160,40.2 19 0
avito_spring_staj_2025/internal/service/router/router.go:15.160,40.2 19 0
avito_spring_staj_2025/internal/service/logger/logger.go:13.26,23.16 7 0
avito_spring_staj_2025/internal/service/logger/logger.go:23.16,25.3 1 0
avito_spring_staj_2025/internal/service/logger/logger.go:27.2,35.16 6 0
avito_spring_staj_2025/internal/service/logger/logger.go:35.16,37.3 1 0
avito_spring_staj_2025/internal/service/logger/logger.go:39.2,39.12 1 0
avito_spring_staj_2025/internal/service/logger/logger.go:42.26,44.16 2 0
avito_spring_staj_2025/internal/service/logger/logger.go:44.16,46.3 1 0
avito_spring_staj_2025/internal/service/logger/logger.go:47.2,48.16 2 0
avito_spring_staj_2025/internal/service/logger/logger.go:48.16,50.3 1 0
avito_spring_staj_2025/internal/service/logger/logger.go:51.2,51.12 1 0
avito_spring_staj_2025/internal/auth/handler/auth_handler.go:19.55,23.2 1 0
avito_spring_staj_2025/internal/auth/handler/auth_handler.go:25.74,31.62 5 0
avito_spring_staj_2025/internal/auth/handler/auth_handler.go:31.62,34.3 2 0
avito_spring_staj_2025/internal/auth/handler/auth_handler.go:36.2,42.16 4 0
avito_spring_staj_2025/internal/auth/handler/auth_handler.go:42.16,45.3 2 0
avito_spring_staj_2025/internal/auth/handler/auth_handler.go:47.2,50.16 4 0
avito_spring_staj_2025/internal/auth/handler/auth_handler.go:50.16,53.3 2 0
avito_spring_staj_2025/internal/auth/handler/auth_handler.go:56.72,62.22 5 0
avito_spring_staj_2025/internal/auth/handler/auth_handler.go:62.22,65.3 2 0
avito_spring_staj_2025/internal/auth/handler/auth_handler.go:67.2,69.69 3 0
avito_spring_staj_2025/internal/auth/handler/auth_handler.go:69.69,72.3 2 0
avito_spring_staj_2025/internal/auth/handler/auth_handler.go:74.2,81.16 3 0
avito_spring_staj_2025/internal/auth/handler/auth_handler.go:81.16,84.3 2 0
avito_spring_staj_2025/internal/auth/handler/auth_handler.go:85.2,93.16 5 0
avito_spring_staj_2025/internal/auth/handler/auth_handler.go:93.16,96.3 2 0
avito_spring_staj_2025/internal/auth/handler/auth_handler.go:99.69,105.22 5 0
avito_spring_staj_2025/internal/auth/handler/auth_handler.go:105.22,108.3 2 0
avito_spring_staj_2025/internal/auth/handler/auth_handler.go:110.2,112.69 3 0
avito_spring_staj_2025/internal/auth/handler/auth_handler.go:112.69,115.3 2 0
avito_spring_staj_2025/internal/auth/handler/auth_handler.go:117.2,123.16 3 0
avito_spring_staj_2025/internal/auth/handler/auth_handler.go:123.16,126.3 2 0
avito_spring_staj_2025/internal/auth/handler/auth_handler.go:128.2,131.16 4 0
avito_spring_staj_2025/internal/auth/handler/auth_handler.go:131.16,134.3 2 0
avito_spring_staj_2025/internal/auth/handler/auth_handler.go:137.87,146.21 4 0
avito_spring_staj_2025/internal/auth/handler/auth_handler.go:149.35,150.39 1 0
avito_spring_staj_2025/internal/auth/handler/auth_handler.go:151.26,152.41 1 0
avito_spring_staj_2025/internal/auth/handler/auth_handler.go:153.43,154.48 1 0
avito_spring_staj_2025/internal/auth/handler/auth_handler.go:155.10,156.48 1 0
avito_spring_staj_2025/internal/auth/handler/auth_handler.go:159.2,159.73 1 0
avito_spring_staj_2025/internal/auth/handler/auth_handler.go:159.73,165.3 2 0
avito_spring_staj_2025/internal/auth/repository/auth_repository.go:18.51,22.2 1 0
avito_spring_staj_2025/internal/auth/repository/auth_repository.go:24.82,33.16 5 0
avito_spring_staj_2025/internal/auth/repository/auth_repository.go:33.16,36.3 2 0
avito_spring_staj_2025/internal/auth/repository/auth_repository.go:38.2,39.16 2 0
avito_spring_staj_2025/internal/auth/repository/auth_repository.go:39.16,42.3 2 0
avito_spring_staj_2025/internal/auth/repository/auth_repository.go:44.2,49.12 2 0
avito_spring_staj_2025/internal/auth/repository/auth_repository.go:52.97,61.16 5 0
avito_spring_staj_2025/internal/auth/repository/auth_repository.go:61.16,64.3 2 0
avito_spring_staj_2025/internal/auth/repository/auth_repository.go:66.2,70.16 4 0
avito_spring_staj_2025/internal/auth/repository/auth_repository.go:70.16,71.36 1 0
avito_spring_staj_2025/internal/auth/repository/auth_repository.go:71.36,77.4 2 0
avito_spring_staj_2025/internal/auth/repository/auth_repository.go:78.3,79.18 2 0
avito_spring_staj_2025/internal/auth/repository/auth_repository.go:82.2,82.19 1 0
avito_spring_staj_2025/internal/auth/usecase/auth_usecase.go:18.92,23.2 1 0
avito_spring_staj_2025/internal/auth/usecase/auth_usecase.go:25.82,26.47 1 0
avito_spring_staj_2025/internal/auth/usecase/auth_usecase.go:26.47,28.3 1 0
avito_spring_staj_2025/internal/auth/usecase/auth_usecase.go:29.2,31.16 3 0
avito_spring_staj_2025/internal/auth/usecase/auth_usecase.go:31.16,33.3 1 0
avito_spring_staj_2025/internal/auth/usecase/auth_usecase.go:34.2,34.22 1 0
avito_spring_staj_2025/internal/auth/usecase/auth_usecase.go:37.112,39.16 2 0
avito_spring_staj_2025/internal/auth/usecase/auth_usecase.go:39.16,41.3 1 0
avito_spring_staj_2025/internal/auth/usecase/auth_usecase.go:43.2,43.71 1 0
avito_spring_staj_2025/internal/auth/usecase/auth_usecase.go:43.71,45.3 1 0
avito_spring_staj_2025/internal/auth/usecase/auth_usecase.go:47.2,48.16 2 0
avito_spring_staj_2025/internal/auth/usecase/auth_usecase.go:48.16,50.3 1 0
avito_spring_staj_2025/internal/auth/usecase/auth_usecase.go:52.2,54.16 3 0
avito_spring_staj_2025/internal/auth/usecase/auth_usecase.go:54.16,56.3 1 0
avito_spring_staj_2025/internal/auth/usecase/auth_usecase.go:57.2,57.18 1 0
avito_spring_staj_2025/internal/auth/usecase/auth_usecase.go:60.101,62.16 2 0
avito_spring_staj_2025/internal/auth/usecase/auth_usecase.go:62.16,64.3 1 0
avito_spring_staj_2025/internal/auth/usecase/auth_usecase.go:65.2,65.72 1 0
avito_spring_staj_2025/internal/auth/usecase/auth_usecase.go:65.72,67.3 1 0
avito_spring_staj_2025/internal/auth/usecase/auth_usecase.go:68.2,70.16 3 0
avito_spring_staj_2025/internal/auth/usecase/auth_usecase.go:70.16,72.3 1 0
avito_spring_staj_2025/internal/auth/usecase/auth_usecase.go:73.2,73.22 1 0
avito_spring_staj_2025/internal/db/db.go:11.26,13.21 2 0
avito_spring_staj_2025/internal/db/db.go:13.21,15.3 1 0
avito_spring_staj_2025/internal/db/db.go:17.2,18.16 2 0
avito_spring_staj_2025/internal/db/db.go:18.16,20.3 1 0
avito_spring_staj_2025/internal/db/db.go:22.2,32.34 9 0
avito_spring_staj_2025/internal/db/db.go:32.34,34.3 1 0
avito_spring_staj_2025/internal/db/db.go:36.2,37.11 2 0
avito_spring_staj_2025/internal/db/db.go:40.23,42.16 2 0
avito_spring_staj_2025/internal/db/db.go:42.16,44.3 1 0
avito_spring_staj_2025/internal/db/db.go:45.2,50.117 5 0
avito_spring_staj_2025/internal/pvz/handler/pvz_grpc_handler.go:14.60,16.2 1 0
avito_spring_staj_2025/internal/pvz/handler/pvz_grpc_handler.go:18.117,20.16 2 0
avito_spring_staj_2025/internal/pvz/handler/pvz_grpc_handler.go:20.16,22.3 1 0
avito_spring_staj_2025/internal/pvz/handler/pvz_grpc_handler.go:24.2,25.27 2 0
avito_spring_staj_2025/internal/pvz/handler/pvz_grpc_handler.go:25.27,31.3 1 0
avito_spring_staj_2025/internal/pvz/handler/pvz_grpc_handler.go:33.2,35.8 1 0
avito_spring_staj_2025/internal/pvz/handler/pvz_handler.go:26.52,30.2 1 0
avito_spring_staj_2025/internal/pvz/handler/pvz_handler.go:32.72,39.62 6 0
avito_spring_staj_2025/internal/pvz/handler/pvz_handler.go:39.62,42.3 2 0
avito_spring_staj_2025/internal/pvz/handler/pvz_handler.go:43.2,50.16 3 0
avito_spring_staj_2025/internal/pvz/handler/pvz_handler.go:50.16,53.3 2 0
avito_spring_staj_2025/internal/pvz/handler/pvz_handler.go:55.2,58.16 4 0
avito_spring_staj_2025/internal/pvz/handler/pvz_handler.go:58.16,61.3 2 0
avito_spring_staj_2025/internal/pvz/handler/pvz_handler.go:64.81,76.24 9 0
avito_spring_staj_2025/internal/pvz/handler/pvz_handler.go:76.24,78.17 2 0
avito_spring_staj_2025/internal/pvz/handler/pvz_handler.go:78.17,81.4 2 0
avito_spring_staj_2025/internal/pvz/handler/pvz_handler.go:83.2,83.22 1 0
avito_spring_staj_2025/internal/pvz/handler/pvz_handler.go:83.22,85.17 2 0
avito_spring_staj_2025/internal/pvz/handler/pvz_handler.go:85.17,88.4 2 0
avito_spring_staj_2025/internal/pvz/handler/pvz_handler.go:91.2,95.28 4 0
avito_spring_staj_2025/internal/pvz/handler/pvz_handler.go:95.28,97.3 1 0
avito_spring_staj_2025/internal/pvz/handler/pvz_handler.go:98.2,99.29 2 0
avito_spring_staj_2025/internal/pvz/handler/pvz_handler.go:99.29,101.3 1 0
avito_spring_staj_2025/internal/pvz/handler/pvz_handler.go:103.2,104.16 2 0
avito_spring_staj_2025/internal/pvz/handler/pvz_handler.go:104.16,107.3 2 0
avito_spring_staj_2025/internal/pvz/handler/pvz_handler.go:108.2,109.27 2 0
avito_spring_staj_2025/internal/pvz/handler/pvz_handler.go:109.27,111.44 2 0
avito_spring_staj_2025/internal/pvz/handler/pvz_handler.go:111.44,116.4 1 0
avito_spring_staj_2025/internal/pvz/handler/pvz_handler.go:118.3,125.5 1 0
avito_spring_staj_2025/internal/pvz/handler/pvz_handler.go:128.2,130.60 3 0
avito_spring_staj_2025/internal/pvz/handler/pvz_handler.go:130.60,133.3 2 0
avito_spring_staj_2025/internal/pvz/handler/pvz_handler.go:136.81,138.16 2 0
avito_spring_staj_2025/internal/pvz/handler/pvz_handler.go:138.16,141.3 2 0
avito_spring_staj_2025/internal/pvz/handler/pvz_handler.go:142.2,150.16 6 0
avito_spring_staj_2025/internal/pvz/handler/pvz_handler.go:150.16,153.3 2 0
avito_spring_staj_2025/internal/pvz/handler/pvz_handler.go:155.2,162.30 3 0
avito_spring_staj_2025/internal/pvz/handler/pvz_handler.go:162.30,169.3 2 0
avito_spring_staj_2025/internal/pvz/handler/pvz_handler.go:171.2,172.58 2 0
avito_spring_staj_2025/internal/pvz/handler/pvz_handler.go:172.58,175.3 2 0
avito_spring_staj_2025/internal/pvz/handler/pvz_handler.go:178.86,187.21 4 0
avito_spring_staj_2025/internal/pvz/handler/pvz_handler.go:190.93,191.39 1 0
avito_spring_staj_2025/internal/pvz/handler/pvz_handler.go:192.34,193.38 1 0
avito_spring_staj_2025/internal/pvz/handler/pvz_handler.go:194.43,195.48 1 0
avito_spring_staj_2025/internal/pvz/handler/pvz_handler.go:196.10,197.48 1 0
avito_spring_staj_2025/internal/pvz/handler/pvz_handler.go:200.2,200.73 1 0
avito_spring_staj_2025/internal/pvz/handler/pvz_handler.go:200.73,206.3 2 0
avito_spring_staj_2025/internal/pvz/repository/pvz_repository.go:20.49,24.2 1 0
avito_spring_staj_2025/internal/pvz/repository/pvz_repository.go:26.94,35.16 5 0
avito_spring_staj_2025/internal/pvz/repository/pvz_repository.go:35.16,38.3 2 0
avito_spring_staj_2025/internal/pvz/repository/pvz_repository.go:40.2,41.16 2 0
avito_spring_staj_2025/internal/pvz/repository/pvz_repository.go:41.16,44.3 2 0
avito_spring_staj_2025/internal/pvz/repository/pvz_repository.go:46.2,51.12 2 0
avito_spring_staj_2025/internal/pvz/repository/pvz_repository.go:54.137,66.20 5 0
avito_spring_staj_2025/internal/pvz/repository/pvz_repository.go:66.20,68.3 1 0
avito_spring_staj_2025/internal/pvz/repository/pvz_repository.go:69.2,69.18 1 0
avito_spring_staj_2025/internal/pvz/repository/pvz_repository.go:69.18,71.3 1 0
avito_spring_staj_2025/internal/pvz/repository/pvz_repository.go:73.2,73.27 1 0
avito_spring_staj_2025/internal/pvz/repository/pvz_repository.go:73.27,75.3 1 0
avito_spring_staj_2025/internal/pvz/repository/pvz_repository.go:77.2,82.16 3 0
avito_spring_staj_2025/internal/pvz/repository/pvz_repository.go:82.16,84.3 1 0
avito_spring_staj_2025/internal/pvz/repository/pvz_repository.go:85.2,86.16 2 0
avito_spring_staj_2025/internal/pvz/repository/pvz_repository.go:86.16,88.3 1 0
avito_spring_staj_2025/internal/pvz/repository/pvz_repository.go:89.2,89.15 1 0
avito_spring_staj_2025/internal/pvz/repository/pvz_repository.go:89.15,90.38 1 0
avito_spring_staj_2025/internal/pvz/repository/pvz_repository.go:90.38,92.4 1 0
avito_spring_staj_2025/internal/pvz/repository/pvz_repository.go:95.2,96.18 2 0
avito_spring_staj_2025/internal/pvz/repository/pvz_repository.go:96.18,98.72 2 0
avito_spring_staj_2025/internal/pvz/repository/pvz_repository.go:98.72,100.4 1 0
avito_spring_staj_2025/internal/pvz/repository/pvz_repository.go:101.3,101.25 1 0
avito_spring_staj_2025/internal/pvz/repository/pvz_repository.go:104.2,104.18 1 0
avito_spring_staj_2025/internal/pvz/repository/pvz_repository.go:107.104,120.16 5 0
avito_spring_staj_2025/internal/pvz/repository/pvz_repository.go:120.16,123.3 2 0
avito_spring_staj_2025/internal/pvz/repository/pvz_repository.go:124.2,125.16 2 0
avito_spring_staj_2025/internal/pvz/repository/pvz_repository.go:125.16,127.3 1 0
avito_spring_staj_2025/internal/pvz/repository/pvz_repository.go:128.2,128.15 1 0
avito_spring_staj_2025/internal/pvz/repository/pvz_repository.go:128.15,129.38 1 0
avito_spring_staj_2025/internal/pvz/repository/pvz_repository.go:129.38,131.4 1 0
avito_spring_staj_2025/internal/pvz/repository/pvz_repository.go:134.2,135.18 2 0
avito_spring_staj_2025/internal/pvz/repository/pvz_repository.go:135.18,137.76 2 0
avito_spring_staj_2025/internal/pvz/repository/pvz_repository.go:137.76,139.4 1 0
avito_spring_staj_2025/internal/pvz/repository/pvz_repository.go:140.3,140.37 1 0
avito_spring_staj_2025/internal/pvz/repository/pvz_repository.go:143.2,143.24 1 0
avito_spring_staj_2025/internal/pvz/repository/pvz_repository.go:146.112,159.16 5 0
avito_spring_staj_2025/internal/pvz/repository/pvz_repository.go:159.16,162.3 2 0
avito_spring_staj_2025/internal/pvz/repository/pvz_repository.go:164.2,165.16 2 0
avito_spring_staj_2025/internal/pvz/repository/pvz_repository.go:165.16,167.3 1 0
avito_spring_staj_2025/internal/pvz/repository/pvz_repository.go:168.2,168.15 1 0
avito_spring_staj_2025/internal/pvz/repository/pvz_repository.go:168.15,169.38 1 0
avito_spring_staj_2025/internal/pvz/repository/pvz_repository.go:169.38,171.4 1 0
avito_spring_staj_2025/internal/pvz/repository/pvz_repository.go:174.2,175.18 2 0
avito_spring_staj_2025/internal/pvz/repository/pvz_repository.go:175.18,177.80 2 0
avito_spring_staj_2025/internal/pvz/repository/pvz_repository.go:177.80,179.4 1 0
avito_spring_staj_2025/internal/pvz/repository/pvz_repository.go:180.3,180.33 1 0
avito_spring_staj_2025/internal/pvz/repository/pvz_repository.go:183.2,183.22 1 0
avito_spring_staj_2025/internal/pvz/repository/pvz_repository.go:186.78,189.16 3 0
avito_spring_staj_2025/internal/pvz/repository/pvz_repository.go:189.16,191.3 1 0
avito_spring_staj_2025/internal/pvz/repository/pvz_repository.go:192.2,192.15 1 0
avito_spring_staj_2025/internal/pvz/repository/pvz_repository.go:192.15,193.38 1 0
avito_spring_staj_2025/internal/pvz/repository/pvz_repository.go:193.38,195.4 1 0
avito_spring_staj_2025/internal/pvz/repository/pvz_repository.go:198.2,199.18 2 0
avito_spring_staj_2025/internal/pvz/repository/pvz_repository.go:199.18,201.78 2 0
avito_spring_staj_2025/internal/pvz/repository/pvz_repository.go:201.78,203.4 1 0
avito_spring_staj_2025/internal/pvz/repository/pvz_repository.go:204.3,204.27 1 0
avito_spring_staj_2025/internal/pvz/repository/pvz_repository.go:207.2,207.35 1 0
avito_spring_staj_2025/internal/pvz/repository/pvz_repository.go:207.35,209.3 1 0
avito_spring_staj_2025/internal/pvz/repository/pvz_repository.go:211.2,211.18 1 0
avito_spring_staj_2025/internal/pvz/usecase/pvz_usecase.go:16.60,20.2 1 0
avito_spring_staj_2025/internal/pvz/usecase/pvz_usecase.go:22.92,23.112 1 0
avito_spring_staj_2025/internal/pvz/usecase/pvz_usecase.go:23.112,25.3 1 0
avito_spring_staj_2025/internal/pvz/usecase/pvz_usecase.go:26.2,26.66 1 0
avito_spring_staj_2025/internal/pvz/usecase/pvz_usecase.go:26.66,28.3 1 0
avito_spring_staj_2025/internal/pvz/usecase/pvz_usecase.go:29.2,30.16 2 0
avito_spring_staj_2025/internal/pvz/usecase/pvz_usecase.go:30.16,32.3 1 0
avito_spring_staj_2025/internal/pvz/usecase/pvz_usecase.go:33.2,33.12 1 0
avito_spring_staj_2025/internal/pvz/usecase/pvz_usecase.go:36.129,39.16 3 0
avito_spring_staj_2025/internal/pvz/usecase/pvz_usecase.go:39.16,41.3 1 0
avito_spring_staj_2025/internal/pvz/usecase/pvz_usecase.go:43.2,43.22 1 0
avito_spring_staj_2025/internal/pvz/usecase/pvz_usecase.go:43.22,46.17 3 0
avito_spring_staj_2025/internal/pvz/usecase/pvz_usecase.go:46.17,48.4 1 0
avito_spring_staj_2025/internal/pvz/usecase/pvz_usecase.go:49.3,49.29 1 0
avito_spring_staj_2025/internal/pvz/usecase/pvz_usecase.go:49.29,52.18 3 0
avito_spring_staj_2025/internal/pvz/usecase/pvz_usecase.go:52.18,54.5 1 0
avito_spring_staj_2025/internal/pvz/usecase/pvz_usecase.go:55.4,55.33 1 0
avito_spring_staj_2025/internal/pvz/usecase/pvz_usecase.go:57.3,57.30 1 0
avito_spring_staj_2025/internal/pvz/usecase/pvz_usecase.go:59.2,59.18 1 0
avito_spring_staj_2025/internal/pvz/usecase/pvz_usecase.go:62.76,64.2 1 0
avito_spring_staj_2025/internal/reception/handler/reception_handler.go:19.70,23.2 1 0
avito_spring_staj_2025/internal/reception/handler/reception_handler.go:25.84,32.62 6 0
avito_spring_staj_2025/internal/reception/handler/reception_handler.go:32.62,35.3 2 0
avito_spring_staj_2025/internal/reception/handler/reception_handler.go:36.2,41.16 3 0
avito_spring_staj_2025/internal/reception/handler/reception_handler.go:41.16,44.3 2 0
avito_spring_staj_2025/internal/reception/handler/reception_handler.go:45.2,54.16 5 0
avito_spring_staj_2025/internal/reception/handler/reception_handler.go:54.16,57.3 2 0
avito_spring_staj_2025/internal/reception/handler/reception_handler.go:60.90,67.62 6 0
avito_spring_staj_2025/internal/reception/handler/reception_handler.go:67.62,70.3 2 0
avito_spring_staj_2025/internal/reception/handler/reception_handler.go:72.2,78.16 3 0
avito_spring_staj_2025/internal/reception/handler/reception_handler.go:78.16,81.3 2 0
avito_spring_staj_2025/internal/reception/handler/reception_handler.go:83.2,93.16 5 0
avito_spring_staj_2025/internal/reception/handler/reception_handler.go:93.16,96.3 2 0
avito_spring_staj_2025/internal/reception/handler/reception_handler.go:99.86,108.16 7 0
avito_spring_staj_2025/internal/reception/handler/reception_handler.go:108.16,111.3 2 0
avito_spring_staj_2025/internal/reception/handler/reception_handler.go:113.2,113.30 1 0
avito_spring_staj_2025/internal/reception/handler/reception_handler.go:116.87,124.16 6 0
avito_spring_staj_2025/internal/reception/handler/reception_handler.go:124.16,127.3 2 0
avito_spring_staj_2025/internal/reception/handler/reception_handler.go:129.2,138.60 4 0
avito_spring_staj_2025/internal/reception/handler/reception_handler.go:138.60,141.3 2 0
[...]
avito_spring_staj_2025/internal/pvz/repository/pvz_repository.go:96.18,98.72 2 0
avito_spring_staj_2025/internal/pvz/repository/pvz_repository.go:98.72,100.4 1 0
avito_spring_staj_2025/internal/pvz/repository/pvz_repository.go:101.3,101.25 1 0
avito_spring_staj_2025/internal/pvz/repository/pvz_repository.go:104.2,104.18 1 0
avito_spring_staj_2025/internal/pvz/repository/pvz_repository.go:107.104,120.16 5 0
avito_spring_staj_2025/internal/pvz/repository/pvz_repository.go:120.16,123.3 2 0
avito_spring_staj_2025/internal/pvz/repository/pvz_repository.go:124.2,125.16 2 0
avito_spring_staj_2025/internal/pvz/repository/pvz_repository.go:125.16,127.3 1 0
avito_spring_staj_2025/internal/pvz/repository/pvz_repository.go:128.2,128.15 1 0
avito_spring_staj_2025/internal/pvz/repository/pvz_repository.go:128.15,129.38 1 0
avito_spring_staj_2025/internal/pvz/repository/pvz_repository.go:129.38,131.4 1 0
avito_spring_staj_2025/internal/pvz/repository/pvz_repository.go:134.2,135.18 2 0
avito_spring_staj_2025/internal/pvz/repository/pvz_repository.go:135.18,137.76 2 0
avito_spring_staj_2025/internal/pvz/repository/pvz_repository.go:137.76,139.4 1 0
avito_spring_staj_2025/internal/pvz/repository/pvz_repository.go:140.3,140.37 1 0
avito_spring_staj_2025/internal/pvz/repository/pvz_repository.go:143.2,143.24 1 0
avito_spring_staj_2025/internal/pvz/repository/pvz_repository.go:146.112,159.16 5 0
avito_spring_staj_2025/internal/pvz/repository/pvz_repository.go:159.16,162.3 2 0
avito_spring_staj_2025/internal/pvz/repository/pvz_repository.go:164.2,165.16 2 0
avito_spring_staj_2025/internal/pvz/repository/pvz_repository.go:165.16,167.3 1 0
avito_spring_staj_2025/internal/pvz/repository/pvz_repository.go:168.2,168.15 1 0
avito_spring_staj_2025/internal/pvz/repository/pvz_repository.go:168.15,169.38 1 0
avito_spring_staj_2025/internal/pvz/repository/pvz_repository.go:169.38,171.4 1 0
avito_spring_staj_2025/internal/pvz/repository/pvz_repository.go:174.2,175.18 2 0
avito_spring_staj_2025/internal/pvz/repository/pvz_repository.go:175.18,177.80 2 0
avito_spring_staj_2025/internal/pvz/repository/pvz_repository.go:177.80,179.4 1 0
avito_spring_staj_2025/internal/pvz/repository/pvz_repository.go:180.3,180.33 1 0
avito_spring_staj_2025/internal/pvz/repository/pvz_repository.go:183.2,183.22 1 0
avito_spring_staj_2025/internal/pvz/repository/pvz_repository.go:186.78,189.16 3 0
avito_spring_staj_2025/internal/pvz/repository/pvz_repository.go:189.16,191.3 1 0
avito_spring_staj_2025/internal/pvz/repository/pvz_repository.go:192.2,192.15 1 0
avito_spring_staj_2025/internal/pvz/repository/pvz_repository.go:192.15,193.38 1 0
avito_spring_staj_2025/internal/pvz/repository/pvz_repository.go:193.38,195.4 1 0
avito_spring_staj_2025/internal/pvz/repository/pvz_repository.go:198.2,199.18 2 0
avito_spring_staj_2025/internal/pvz/repository/pvz_repository.go:199.18,201.78 2 0
avito_spring_staj_2025/internal/pvz/repository/pvz_repository.go:201.78,203.4 1 0
avito_spring_staj_2025/internal/pvz/repository/pvz_repository.go:204.3,204.27 1 0
avito_spring_staj_2025/internal/pvz/repository/pvz_repository.go:207.2,207.35 1 0
avito_spring_staj_2025/internal/pvz/repository/pvz_repository.go:207.35,209.3 1 0
avito_spring_staj_2025/internal/pvz/repository/pvz_repository.go:211.2,211.18 1 0
avito_spring_staj_2025/internal/pvz/usecase/pvz_usecase.go:16.60,20.2 1 1
avito_spring_staj_2025/internal/pvz/usecase/pvz_usecase.go:22.92,23.112 1 1
avito_spring_staj_2025/internal/pvz/usecase/pvz_usecase.go:23.112,25.3 1 0
avito_spring_staj_2025/internal/pvz/usecase/pvz_usecase.go:26.2,26.66 1 1
avito_spring_staj_2025/internal/pvz/usecase/pvz_usecase.go:26.66,28.3 1 0
avito_spring_staj_2025/internal/pvz/usecase/pvz_usecase.go:29.2,30.16 2 1
avito_spring_staj_2025/internal/pvz/usecase/pvz_usecase.go:30.16,32.3 1 0
avito_spring_staj_2025/internal/pvz/usecase/pvz_usecase.go:33.2,33.12 1 1
avito_spring_staj_2025/internal/pvz/usecase/pvz_usecase.go:36.129,39.16 3 0
avito_spring_staj_2025/internal/pvz/usecase/pvz_usecase.go:39.16,41.3 1 0
avito_spring_staj_2025/internal/pvz/usecase/pvz_usecase.go:43.2,43.22 1 0
avito_spring_staj_2025/internal/pvz/usecase/pvz_usecase.go:43.22,46.17 3 0
avito_spring_staj_2025/internal/pvz/usecase/pvz_usecase.go:46.17,48.4 1 0
avito_spring_staj_2025/internal/pvz/usecase/pvz_usecase.go:49.3,49.29 1 0
avito_spring_staj_2025/internal/pvz/usecase/pvz_usecase.go:49.29,52.18 3 0
avito_spring_staj_2025/internal/pvz/usecase/pvz_usecase.go:52.18,54.5 1 0
avito_spring_staj_2025/internal/pvz/usecase/pvz_usecase.go:55.4,55.33 1 0
avito_spring_staj_2025/internal/pvz/usecase/pvz_usecase.go:57.3,57.30 1 0
avito_spring_staj_2025/internal/pvz/usecase/pvz_usecase.go:59.2,59.18 1 0
avito_spring_staj_2025/internal/pvz/usecase/pvz_usecase.go:62.76,64.2 1 0
avito_spring_staj_2025/internal/reception/handler/reception_handler.go:19.70,23.2 1 1
avito_spring_staj_2025/internal/reception/handler/reception_handler.go:25.84,32.62 6 1
avito_spring_staj_2025/internal/reception/handler/reception_handler.go:32.62,35.3 2 0
avito_spring_staj_2025/internal/reception/handler/reception_handler.go:36.2,41.16 3 1
avito_spring_staj_2025/internal/reception/handler/reception_handler.go:41.16,44.3 2 0
avito_spring_staj_2025/internal/reception/handler/reception_handler.go:45.2,54.16 5 1
avito_spring_staj_2025/internal/reception/handler/reception_handler.go:54.16,57.3 2 0
avito_spring_staj_2025/internal/reception/handler/reception_handler.go:60.90,67.62 6 1
avito_spring_staj_2025/internal/reception/handler/reception_handler.go:67.62,70.3 2 0
avito_spring_staj_2025/internal/reception/handler/reception_handler.go:72.2,78.16 3 1
avito_spring_staj_2025/internal/reception/handler/reception_handler.go:78.16,81.3 2 0
avito_spring_staj_2025/internal/reception/handler/reception_handler.go:83.2,93.16 5 1
avito_spring_staj_2025/internal/reception/handler/reception_handler.go:93.16,96.3 2 0
avito_spring_staj_2025/internal/reception/handler/reception_handler.go:99.86,108.16 7 0
avito_spring_staj_2025/internal/reception/handler/reception_handler.go:108.16,111.3 2 0
avito_spring_staj_2025/internal/reception/handler/reception_handler.go:113.2,113.30 1 0
avito_spring_staj_2025/internal/reception/handler/reception_handler.go:116.87,124.16 6 1
avito_spring_staj_2025/internal/reception/handler/reception_handler.go:124.16,127.3 2 0
avito_spring_staj_2025/internal/reception/handler/reception_handler.go:129.2,138.60 4 1
avito_spring_staj_2025/internal/reception/handler/reception_handler.go:138.60,141.3 2 0
avito_spring_staj_2025/internal/reception/handler/reception_handler.go:144.92,153.21 4 0
avito_spring_staj_2025/internal/reception/handler/reception_handler.go:156.93,157.39 1 0
avito_spring_staj_2025/internal/reception/handler/reception_handler.go:158.34,159.38 1 0
avito_spring_staj_2025/internal/reception/handler/reception_handler.go:160.43,161.48 1 0
avito_spring_staj_2025/internal/reception/handler/reception_handler.go:162.10,163.48 1 0
avito_spring_staj_2025/internal/reception/handler/reception_handler.go:166.2,166.73 1 0
avito_spring_staj_2025/internal/reception/handler/reception_handler.go:166.73,172.3 2 0
avito_spring_staj_2025/internal/reception/repository/reception_repository.go:18.61,22.2 1 1
avito_spring_staj_2025/internal/reception/repository/reception_repository.go:24.96,33.16 5 1
avito_spring_staj_2025/internal/reception/repository/reception_repository.go:33.16,36.3 2 0
avito_spring_staj_2025/internal/reception/repository/reception_repository.go:38.2,39.16 2 1
avito_spring_staj_2025/internal/reception/repository/reception_repository.go:39.16,42.3 2 0
avito_spring_staj_2025/internal/reception/repository/reception_repository.go:43.2,46.12 2 1
avito_spring_staj_2025/internal/reception/repository/reception_repository.go:49.97,58.16 5 1
avito_spring_staj_2025/internal/reception/repository/reception_repository.go:58.16,61.3 2 0
avito_spring_staj_2025/internal/reception/repository/reception_repository.go:63.2,67.16 4 1
avito_spring_staj_2025/internal/reception/repository/reception_repository.go:67.16,68.36 1 0
avito_spring_staj_2025/internal/reception/repository/reception_repository.go:68.36,74.4 2 0
avito_spring_staj_2025/internal/reception/repository/reception_repository.go:75.3,76.18 2 0
avito_spring_staj_2025/internal/reception/repository/reception_repository.go:79.2,79.18 1 1
avito_spring_staj_2025/internal/reception/repository/reception_repository.go:82.112,92.16 5 1
avito_spring_staj_2025/internal/reception/repository/reception_repository.go:92.16,95.3 2 0
avito_spring_staj_2025/internal/reception/repository/reception_repository.go:97.2,101.16 4 1
avito_spring_staj_2025/internal/reception/repository/reception_repository.go:101.16,102.36 1 1
avito_spring_staj_2025/internal/reception/repository/reception_repository.go:102.36,106.4 1 1
avito_spring_staj_2025/internal/reception/repository/reception_repository.go:107.3,107.48 1 1
avito_spring_staj_2025/internal/reception/repository/reception_repository.go:109.2,109.24 1 1
avito_spring_staj_2025/internal/reception/repository/reception_repository.go:112.103,121.16 5 1
avito_spring_staj_2025/internal/reception/repository/reception_repository.go:121.16,124.3 2 0
avito_spring_staj_2025/internal/reception/repository/reception_repository.go:125.2,126.16 2 1
avito_spring_staj_2025/internal/reception/repository/reception_repository.go:126.16,129.3 2 0
avito_spring_staj_2025/internal/reception/repository/reception_repository.go:130.2,134.12 2 1
avito_spring_staj_2025/internal/reception/repository/reception_repository.go:137.122,153.16 5 0
avito_spring_staj_2025/internal/reception/repository/reception_repository.go:153.16,156.3 2 0
avito_spring_staj_2025/internal/reception/repository/reception_repository.go:158.2,165.16 3 0
avito_spring_staj_2025/internal/reception/repository/reception_repository.go:165.16,166.36 1 0
avito_spring_staj_2025/internal/reception/repository/reception_repository.go:166.36,172.4 2 0
avito_spring_staj_2025/internal/reception/repository/reception_repository.go:173.3,174.18 2 0
avito_spring_staj_2025/internal/reception/repository/reception_repository.go:177.2,177.22 1 0
avito_spring_staj_2025/internal/reception/repository/reception_repository.go:180.93,193.16 5 0
avito_spring_staj_2025/internal/reception/repository/reception_repository.go:193.16,196.3 2 0
avito_spring_staj_2025/internal/reception/repository/reception_repository.go:198.2,199.16 2 0
avito_spring_staj_2025/internal/reception/repository/reception_repository.go:199.16,202.3 2 0
avito_spring_staj_2025/internal/reception/repository/reception_repository.go:204.2,205.23 2 0
avito_spring_staj_2025/internal/reception/repository/reception_repository.go:205.23,207.3 1 0
avito_spring_staj_2025/internal/reception/repository/reception_repository.go:209.2,214.12 2 0
avito_spring_staj_2025/internal/reception/repository/reception_repository.go:217.101,231.16 5 1
avito_spring_staj_2025/internal/reception/repository/reception_repository.go:231.16,234.3 2 0
avito_spring_staj_2025/internal/reception/repository/reception_repository.go:236.2,237.16 2 1
avito_spring_staj_2025/internal/reception/repository/reception_repository.go:237.16,240.3 2 0
avito_spring_staj_2025/internal/reception/repository/reception_repository.go:242.2,249.12 3 1
avito_spring_staj_2025/internal/reception/usecase/reception_usecase.go:17.84,21.2 1 1
avito_spring_staj_2025/internal/reception/usecase/reception_usecase.go:23.129,24.65 1 1
avito_spring_staj_2025/internal/reception/usecase/reception_usecase.go:24.65,26.3 1 0
avito_spring_staj_2025/internal/reception/usecase/reception_usecase.go:28.2,29.56 2 1
avito_spring_staj_2025/internal/reception/usecase/reception_usecase.go:29.56,31.3 1 0
avito_spring_staj_2025/internal/reception/usecase/reception_usecase.go:32.2,32.16 1 1
avito_spring_staj_2025/internal/reception/usecase/reception_usecase.go:32.16,34.3 1 0
avito_spring_staj_2025/internal/reception/usecase/reception_usecase.go:36.2,37.16 2 1
avito_spring_staj_2025/internal/reception/usecase/reception_usecase.go:37.16,39.3 1 0
avito_spring_staj_2025/internal/reception/usecase/reception_usecase.go:41.2,49.16 3 1
avito_spring_staj_2025/internal/reception/usecase/reception_usecase.go:49.16,51.3 1 0
avito_spring_staj_2025/internal/reception/usecase/reception_usecase.go:52.2,52.23 1 1
avito_spring_staj_2025/internal/reception/usecase/reception_usecase.go:55.128,56.65 1 1
avito_spring_staj_2025/internal/reception/usecase/reception_usecase.go:56.65,58.3 1 0
avito_spring_staj_2025/internal/reception/usecase/reception_usecase.go:60.2,60.111 1 1
avito_spring_staj_2025/internal/reception/usecase/reception_usecase.go:60.111,62.3 1 0
avito_spring_staj_2025/internal/reception/usecase/reception_usecase.go:64.2,65.16 2 1
avito_spring_staj_2025/internal/reception/usecase/reception_usecase.go:65.16,67.3 1 0
avito_spring_staj_2025/internal/reception/usecase/reception_usecase.go:69.2,70.16 2 1
avito_spring_staj_2025/internal/reception/usecase/reception_usecase.go:70.16,72.3 1 0
avito_spring_staj_2025/internal/reception/usecase/reception_usecase.go:73.2,81.16 3 1
avito_spring_staj_2025/internal/reception/usecase/reception_usecase.go:81.16,83.3 1 0
avito_spring_staj_2025/internal/reception/usecase/reception_usecase.go:85.2,85.21 1 1
avito_spring_staj_2025/internal/reception/usecase/reception_usecase.go:88.87,89.65 1 0
avito_spring_staj_2025/internal/reception/usecase/reception_usecase.go:89.65,91.3 1 0
avito_spring_staj_2025/internal/reception/usecase/reception_usecase.go:92.2,93.16 2 0
avito_spring_staj_2025/internal/reception/usecase/reception_usecase.go:93.16,95.3 1 0
avito_spring_staj_2025/internal/reception/usecase/reception_usecase.go:97.2,98.16 2 0
avito_spring_staj_2025/internal/reception/usecase/reception_usecase.go:98.16,100.3 1 0
avito_spring_staj_2025/internal/reception/usecase/reception_usecase.go:102.2,103.16 2 0
avito_spring_staj_2025/internal/reception/usecase/reception_usecase.go:103.16,105.3 1 0
avito_spring_staj_2025/internal/reception/usecase/reception_usecase.go:107.2,108.16 2 0
avito_spring_staj_2025/internal/reception/usecase/reception_usecase.go:108.16,110.3 1 0
avito_spring_staj_2025/internal/reception/usecase/reception_usecase.go:112.2,112.12 1 0
avito_spring_staj_2025/internal/reception/usecase/reception_usecase.go:115.104,116.65 1 1
avito_spring_staj_2025/internal/reception/usecase/reception_usecase.go:116.65,118.3 1 0
avito_spring_staj_2025/internal/reception/usecase/reception_usecase.go:119.2,120.16 2 1
avito_spring_staj_2025/internal/reception/usecase/reception_usecase.go:120.16,122.3 1 0
avito_spring_staj_2025/internal/reception/usecase/reception_usecase.go:124.2,125.16 2 1
avito_spring_staj_2025/internal/reception/usecase/reception_usecase.go:125.16,127.3 1 0
avito_spring_staj_2025/internal/reception/usecase/reception_usecase.go:129.2,130.16 2 1
avito_spring_staj_2025/internal/reception/usecase/reception_usecase.go:130.16,132.3 1 0
avito_spring_staj_2025/internal/reception/usecase/reception_usecase.go:134.2,134.24 1 1
avito_spring_staj_2025/internal/service/auth/password.go:5.52,7.16 2 0
avito_spring_staj_2025/internal/service/auth/password.go:7.16,9.3 1 0
avito_spring_staj_2025/internal/service/auth/password.go:10.2,10.36 1 0
avito_spring_staj_2025/internal/service/auth/password.go:13.58,16.2 2 0
avito_spring_staj_2025/internal/service/jwt/jwt.go:14.51,15.18 1 0
avito_spring_staj_2025/internal/service/jwt/jwt.go:15.18,17.3 1 0
avito_spring_staj_2025/internal/service/jwt/jwt.go:18.2,20.8 1 0
avito_spring_staj_2025/internal/service/jwt/jwt.go:28.76,29.16 1 0
avito_spring_staj_2025/internal/service/jwt/jwt.go:29.16,31.3 1 0
avito_spring_staj_2025/internal/service/jwt/jwt.go:32.2,40.38 3 0
avito_spring_staj_2025/internal/service/jwt/jwt.go:43.73,45.16 2 0
avito_spring_staj_2025/internal/service/jwt/jwt.go:45.16,47.3 1 0
avito_spring_staj_2025/internal/service/jwt/jwt.go:49.2,50.25 2 0
avito_spring_staj_2025/internal/service/jwt/jwt.go:50.25,52.3 1 0
avito_spring_staj_2025/internal/service/jwt/jwt.go:54.2,54.42 1 0
avito_spring_staj_2025/internal/service/jwt/jwt.go:54.42,56.3 1 0
avito_spring_staj_2025/internal/service/jwt/jwt.go:58.2,58.20 1 0
avito_spring_staj_2025/internal/service/jwt/jwt.go:61.77,63.36 2 0
avito_spring_staj_2025/internal/service/jwt/jwt.go:63.36,65.3 1 0
avito_spring_staj_2025/internal/service/jwt/jwt.go:66.2,66.23 1 0
avito_spring_staj_2025/internal/service/logger/logger.go:13.26,23.16 7 0
avito_spring_staj_2025/internal/service/logger/logger.go:23.16,25.3 1 0
avito_spring_staj_2025/internal/service/logger/logger.go:27.2,35.16 6 0
avito_spring_staj_2025/internal/service/logger/logger.go:35.16,37.3 1 0
avito_spring_staj_2025/internal/service/logger/logger.go:39.2,39.12 1 0
avito_spring_staj_2025/internal/service/logger/logger.go:42.26,44.16 2 0
avito_spring_staj_2025/internal/service/logger/logger.go:44.16,46.3 1 0
avito_spring_staj_2025/internal/service/logger/logger.go:47.2,48.16 2 0
avito_spring_staj_2025/internal/service/logger/logger.go:48.16,50.3 1 0
avito_spring_staj_2025/internal/service/logger/logger.go:51.2,51.12 1 0
avito_spring_staj_2025/internal/service/metrics/metrics.go:51.20,57.2 5 0
avito_spring_staj_2025/internal/service/middleware/middleware.go:22.77,24.2 1 1
avito_spring_staj_2025/internal/service/middleware/middleware.go:30.58,31.71 1 0
avito_spring_staj_2025/internal/service/middleware/middleware.go:31.71,36.3 4 0
avito_spring_staj_2025/internal/service/middleware/middleware.go:39.47,40.55 1 1
avito_spring_staj_2025/internal/service/middleware/middleware.go:40.55,42.3 1 0
avito_spring_staj_2025/internal/service/middleware/middleware.go:43.2,43.11 1 1
avito_spring_staj_2025/internal/service/middleware/middleware.go:53.42,55.13 2 0
avito_spring_staj_2025/internal/service/middleware/middleware.go:55.13,58.3 2 0
avito_spring_staj_2025/internal/service/middleware/middleware.go:59.2,59.32 1 0
avito_spring_staj_2025/internal/service/middleware/middleware.go:62.58,63.71 1 0
avito_spring_staj_2025/internal/service/middleware/middleware.go:63.71,68.23 3 0
avito_spring_staj_2025/internal/service/middleware/middleware.go:68.23,71.4 2 0
avito_spring_staj_2025/internal/service/middleware/middleware.go:73.3,73.23 1 0
avito_spring_staj_2025/internal/service/middleware/middleware.go:77.49,78.71 1 0
avito_spring_staj_2025/internal/service/middleware/middleware.go:78.71,83.28 4 0
avito_spring_staj_2025/internal/service/middleware/middleware.go:83.28,86.4 2 0
avito_spring_staj_2025/internal/service/middleware/middleware.go:88.3,88.23 1 0
avito_spring_staj_2025/internal/service/middleware/middleware.go:96.81,97.46 1 0
avito_spring_staj_2025/internal/service/middleware/middleware.go:97.46,98.72 1 0
avito_spring_staj_2025/internal/service/middleware/middleware.go:98.72,100.24 2 0
avito_spring_staj_2025/internal/service/middleware/middleware.go:100.24,103.5 2 0
avito_spring_staj_2025/internal/service/middleware/middleware.go:105.4,107.18 3 0
avito_spring_staj_2025/internal/service/middleware/middleware.go:107.18,110.5 2 0
avito_spring_staj_2025/internal/service/middleware/middleware.go:112.4,113.41 2 0
avito_spring_staj_2025/internal/service/middleware/middleware.go:118.60,119.71 1 0
avito_spring_staj_2025/internal/service/middleware/middleware.go:119.71,131.16 6 0
avito_spring_staj_2025/internal/service/middleware/middleware.go:131.16,141.4 4 0
avito_spring_staj_2025/internal/service/middleware/middleware.go:143.3,143.40 1 0
avito_spring_staj_2025/internal/service/middleware/middleware.go:147.86,148.46 1 0
avito_spring_staj_2025/internal/service/middleware/middleware.go:148.46,149.72 1 0
avito_spring_staj_2025/internal/service/middleware/middleware.go:149.72,152.4 2 0
avito_spring_staj_2025/internal/service/middleware/middleware.go:156.100,157.32 1 0
avito_spring_staj_2025/internal/service/middleware/middleware.go:157.32,159.3 1 0
avito_spring_staj_2025/internal/service/middleware/middleware.go:160.2,160.10 1 0
avito_spring_staj_2025/internal/service/router/router.go:15.160,40.2 19 0
